Using pre-set license
Built from '2021.3/staging' branch; Version is '2021.3.3f1 (af2e63e8f9bd) revision 11480675'; Using compiler version '192829333'; Build Type 'Release'
OS: 'Windows 10  (10.0.19045) 64bit Professional' Language: 'zh' Physical Memory: 32581 MB
BatchMode: 1, IsHumanControllingUs: 0, StartBugReporterOnCrash: 0, Is64bit: 1, IsPro: 1

COMMAND LINE ARGUMENTS:
D:\Unity\Unity 2021.3.3f1\Editor\Unity.exe
-adb2
-batchMode
-noUpm
-name
AssetImportWorker5
-projectPath
D:/Svn/ThreeMatch/OTCProj/New Unity Project
-logFile
Logs/AssetImportWorker5.log
-srvPort
10562
Successfully changed project path to: D:/Svn/ThreeMatch/OTCProj/New Unity Project
D:/Svn/ThreeMatch/OTCProj/New Unity Project
[UnityMemory] Configuration Parameters - Can be set up in boot.config
    "memorysetup-bucket-allocator-granularity=16"
    "memorysetup-bucket-allocator-bucket-count=8"
    "memorysetup-bucket-allocator-block-size=33554432"
    "memorysetup-bucket-allocator-block-count=8"
    "memorysetup-main-allocator-block-size=16777216"
    "memorysetup-thread-allocator-block-size=16777216"
    "memorysetup-gfx-main-allocator-block-size=16777216"
    "memorysetup-gfx-thread-allocator-block-size=16777216"
    "memorysetup-cache-allocator-block-size=4194304"
    "memorysetup-typetree-allocator-block-size=2097152"
    "memorysetup-profiler-bucket-allocator-granularity=16"
    "memorysetup-profiler-bucket-allocator-bucket-count=8"
    "memorysetup-profiler-bucket-allocator-block-size=33554432"
    "memorysetup-profiler-bucket-allocator-block-count=8"
    "memorysetup-profiler-allocator-block-size=16777216"
    "memorysetup-profiler-editor-allocator-block-size=1048576"
    "memorysetup-temp-allocator-size-main=16777216"
    "memorysetup-job-temp-allocator-block-size=2097152"
    "memorysetup-job-temp-allocator-block-size-background=1048576"
    "memorysetup-job-temp-allocator-reduction-small-platforms=262144"
    "memorysetup-temp-allocator-size-background-worker=32768"
    "memorysetup-temp-allocator-size-job-worker=262144"
    "memorysetup-temp-allocator-size-preload-manager=33554432"
    "memorysetup-temp-allocator-size-nav-mesh-worker=65536"
    "memorysetup-temp-allocator-size-audio-worker=65536"
    "memorysetup-temp-allocator-size-cloud-worker=32768"
    "memorysetup-temp-allocator-size-gi-baking-worker=262144"
    "memorysetup-temp-allocator-size-gfx=262144"
Refreshing native plugins compatible for Editor in 41.76 ms, found 2 plugins.
Preloading 0 native plugins for Editor in 0.00 ms.
Initialize engine version: 2021.3.3f1 (af2e63e8f9bd)
[Subsystems] Discovering subsystems at path D:/Unity/Unity 2021.3.3f1/Editor/Data/Resources/UnitySubsystems
[Subsystems] Discovering subsystems at path D:/Svn/ThreeMatch/OTCProj/New Unity Project/Assets
GfxDevice: creating device client; threaded=0; jobified=0
Direct3D:
    Version:  Direct3D 11.0 [level 11.1]
    Renderer: NVIDIA GeForce RTX 3060 (ID=0x2504)
    Vendor:   NVIDIA
    VRAM:     12129 MB
    Driver:   31.0.15.3623
Initialize mono
Mono path[0] = 'D:/Unity/Unity 2021.3.3f1/Editor/Data/Managed'
Mono path[1] = 'D:/Unity/Unity 2021.3.3f1/Editor/Data/MonoBleedingEdge/lib/mono/unityjit-win32'
Mono config path = 'D:/Unity/Unity 2021.3.3f1/Editor/Data/MonoBleedingEdge/etc'
Using monoOptions --debugger-agent=transport=dt_socket,embedding=1,server=y,suspend=n,address=127.0.0.1:56200
Begin MonoManager ReloadAssembly
Registering precompiled unity dll's ...
Register platform support module: D:/Unity/Unity 2021.3.3f1/Editor/Data/PlaybackEngines/WebGLSupport/UnityEditor.WebGL.Extensions.dll
Register platform support module: D:/Unity/Unity 2021.3.3f1/Editor/Data/PlaybackEngines/AndroidPlayer/UnityEditor.Android.Extensions.dll
Register platform support module: D:/Unity/Unity 2021.3.3f1/Editor/Data/PlaybackEngines/WindowsStandaloneSupport/UnityEditor.WindowsStandalone.Extensions.dll
Registered in 0.002374 seconds.
Native extension for WindowsStandalone target not found
Native extension for Android target not found
Native extension for WebGL target not found
Refreshing native plugins compatible for Editor in 41.26 ms, found 2 plugins.
Preloading 0 native plugins for Editor in 0.00 ms.
Mono: successfully reloaded assembly
- Completed reload, in  0.485 seconds
Domain Reload Profiling:
	ReloadAssembly (486ms)
		BeginReloadAssembly (50ms)
			ExecutionOrderSort (0ms)
			DisableScriptedObjects (0ms)
			BackupInstance (0ms)
			ReleaseScriptingObjects (0ms)
			CreateAndSetChildDomain (1ms)
		EndReloadAssembly (352ms)
			LoadAssemblies (50ms)
			RebuildTransferFunctionScriptingTraits (0ms)
			SetupTypeCache (93ms)
			ReleaseScriptCaches (0ms)
			RebuildScriptCaches (22ms)
			SetupLoadedEditorAssemblies (200ms)
				LogAssemblyErrors (0ms)
				InitializePlatformSupportModulesInManaged (46ms)
				SetLoadedEditorAssemblies (0ms)
				RefreshPlugins (41ms)
				BeforeProcessingInitializeOnLoad (1ms)
				ProcessInitializeOnLoadAttributes (78ms)
				ProcessInitializeOnLoadMethodAttributes (33ms)
				AfterProcessingInitializeOnLoad (0ms)
				EditorAssembliesLoaded (0ms)
			ExecutionOrderSort2 (0ms)
			AwakeInstancesAfterBackupRestoration (0ms)
Platform modules already initialized, skipping
Registering precompiled user dll's ...
Registered in 0.001236 seconds.
Begin MonoManager ReloadAssembly
Native extension for WindowsStandalone target not found
Native extension for Android target not found
Native extension for WebGL target not found
Refreshing native plugins compatible for Editor in 0.22 ms, found 2 plugins.
Preloading 0 native plugins for Editor in 0.00 ms.
Mono: successfully reloaded assembly
- Completed reload, in  0.636 seconds
Domain Reload Profiling:
	ReloadAssembly (636ms)
		BeginReloadAssembly (167ms)
			ExecutionOrderSort (0ms)
			DisableScriptedObjects (3ms)
			BackupInstance (0ms)
			ReleaseScriptingObjects (0ms)
			CreateAndSetChildDomain (117ms)
		EndReloadAssembly (402ms)
			LoadAssemblies (38ms)
			RebuildTransferFunctionScriptingTraits (0ms)
			SetupTypeCache (107ms)
			ReleaseScriptCaches (0ms)
			RebuildScriptCaches (24ms)
			SetupLoadedEditorAssemblies (209ms)
				LogAssemblyErrors (0ms)
				InitializePlatformSupportModulesInManaged (9ms)
				SetLoadedEditorAssemblies (0ms)
				RefreshPlugins (0ms)
				BeforeProcessingInitializeOnLoad (54ms)
				ProcessInitializeOnLoadAttributes (128ms)
				ProcessInitializeOnLoadMethodAttributes (17ms)
				AfterProcessingInitializeOnLoad (2ms)
				EditorAssembliesLoaded (0ms)
			ExecutionOrderSort2 (0ms)
			AwakeInstancesAfterBackupRestoration (4ms)
Platform modules already initialized, skipping
========================================================================
Worker process is ready to serve import requests
Launched and connected shader compiler UnityShaderCompiler.exe after 0.03 seconds
Refreshing native plugins compatible for Editor in 0.25 ms, found 2 plugins.
Preloading 0 native plugins for Editor in 0.00 ms.
Unloading 1709 Unused Serialized files (Serialized files now loaded: 0)
Unloading 19 unused Assets / (47.3 KB). Loaded Objects now: 2177.
Memory consumption went from 73.0 MB to 72.9 MB.
Total: 2.317900 ms (FindLiveObjects: 0.138400 ms CreateObjectMapping: 0.060700 ms MarkObjects: 2.057300 ms  DeleteObjects: 0.060500 ms)

AssetImportParameters requested are different than current active one (requested -> active):
  custom:video-decoder-ogg-theora: a1e56fd34408186e4bbccfd4996cb3dc -> 
  custom:container-muxer-webm: aa71ff27fc2769a1b78a27578f13a17b -> 
  custom:container-demuxer-webm: 4f35f7cbe854078d1ac9338744f61a02 -> 
  custom:video-encoder-webm-vp8: eb34c28f22e8b96e1ab97ce403110664 -> 
  custom:audio-encoder-webm-vorbis: bf7c407c2cedff20999df2af8eb42d56 -> 
  custom:framework-win-MediaFoundation: 216162199b28c13a410421893ffa2e32 -> 
  custom:container-demuxer-ogg: 62fdf1f143b41e24485cea50d1cbac27 -> 
  custom:video-decoder-webm-vp8: 9c59270c3fd7afecdb556c50c9e8de78 -> 
  custom:audio-decoder-ogg-vorbis: bf7c407c2cedff20999df2af8eb42d56 -> 
========================================================================
Received Import Request.
  Time since last request: 537493.694117 seconds.
  path: Assets/Texture2D/button hover.png
  artifactKey: Guid(3473ad1e6b81bea429cb214a6ed6e449) Importer(815301076,1909f56bfc062723c751e8b465ee728b)
Start importing Assets/Texture2D/button hover.png using Guid(3473ad1e6b81bea429cb214a6ed6e449) Importer(815301076,1909f56bfc062723c751e8b465ee728b)  -> (artifact id: '2beebab8e9baf8ed1261859b110fcc16') in 0.099213 seconds 
========================================================================
Received Import Request.
  Time since last request: 0.000019 seconds.
  path: Assets/Texture2D/toggle active.png
  artifactKey: Guid(f7a86d011f03a3d47bb1a1717678cbb7) Importer(815301076,1909f56bfc062723c751e8b465ee728b)
Start importing Assets/Texture2D/toggle active.png using Guid(f7a86d011f03a3d47bb1a1717678cbb7) Importer(815301076,1909f56bfc062723c751e8b465ee728b)  -> (artifact id: '289074c18e7892c80c761f09551ec574') in 0.041494 seconds 
========================================================================
Received Import Request.
  Time since last request: 0.000017 seconds.
  path: Assets/Texture2D/大陆.png
  artifactKey: Guid(580fde0e52bc00849aeb317ed11e4087) Importer(815301076,1909f56bfc062723c751e8b465ee728b)
Start importing Assets/Texture2D/大陆.png using Guid(580fde0e52bc00849aeb317ed11e4087) Importer(815301076,1909f56bfc062723c751e8b465ee728b)  -> (artifact id: '09d177ec3c1756d2c651b741e963b121') in 0.034305 seconds 
========================================================================
Received Import Request.
  Time since last request: 0.000018 seconds.
  path: Assets/Texture2D/英雄1.png
  artifactKey: Guid(34af76fadc83a1440a5cd5239644e0f9) Importer(815301076,1909f56bfc062723c751e8b465ee728b)
Start importing Assets/Texture2D/英雄1.png using Guid(34af76fadc83a1440a5cd5239644e0f9) Importer(815301076,1909f56bfc062723c751e8b465ee728b)  -> (artifact id: 'e22a7562e1e1a9ba205d8030ac0caaff') in 0.044825 seconds 
========================================================================
Received Import Request.
  Time since last request: 0.000027 seconds.
  path: Assets/Texture2D/button on.png
  artifactKey: Guid(93fda454840072741b2f8753ce965244) Importer(815301076,1909f56bfc062723c751e8b465ee728b)
Start importing Assets/Texture2D/button on.png using Guid(93fda454840072741b2f8753ce965244) Importer(815301076,1909f56bfc062723c751e8b465ee728b)  -> (artifact id: '7d808a84efa79b9dfea7cc573afb92b9') in 0.012346 seconds 
========================================================================
Received Import Request.
  Time since last request: 0.000018 seconds.
  path: Assets/Texture2D/UnityWatermark-trial-big.png
  artifactKey: Guid(0a893999653859143bc0b540fc498272) Importer(815301076,1909f56bfc062723c751e8b465ee728b)
Start importing Assets/Texture2D/UnityWatermark-trial-big.png using Guid(0a893999653859143bc0b540fc498272) Importer(815301076,1909f56bfc062723c751e8b465ee728b)  -> (artifact id: '0ad1ee4c931398f84406b9ac52880c4f') in 0.010854 seconds 
========================================================================
Received Import Request.
  Time since last request: 0.000019 seconds.
  path: Assets/Texture2D/框填充.png
  artifactKey: Guid(eed92f11292b46740964e682230634df) Importer(815301076,1909f56bfc062723c751e8b465ee728b)
Start importing Assets/Texture2D/框填充.png using Guid(eed92f11292b46740964e682230634df) Importer(815301076,1909f56bfc062723c751e8b465ee728b)  -> (artifact id: '6644524ad80779b9da6c42f9d63b0c82') in 0.009709 seconds 
========================================================================
Received Import Request.
  Time since last request: 0.000016 seconds.
  path: Assets/Texture2D/textfield.png
  artifactKey: Guid(903d4d0a0ec552c4bba50869b4c347fe) Importer(815301076,1909f56bfc062723c751e8b465ee728b)
Start importing Assets/Texture2D/textfield.png using Guid(903d4d0a0ec552c4bba50869b4c347fe) Importer(815301076,1909f56bfc062723c751e8b465ee728b)  -> (artifact id: '45a4f052a56dbe15115a0887d4371040') in 0.012230 seconds 
========================================================================
Received Import Request.
  Time since last request: 0.000018 seconds.
  path: Assets/Texture2D/toggle on.png
  artifactKey: Guid(416da89d3b4a0a44f9d5f985cc1b96d8) Importer(815301076,1909f56bfc062723c751e8b465ee728b)
Start importing Assets/Texture2D/toggle on.png using Guid(416da89d3b4a0a44f9d5f985cc1b96d8) Importer(815301076,1909f56bfc062723c751e8b465ee728b)  -> (artifact id: '7e40c42eb3670937c0b6a16430d640f9') in 0.016769 seconds 
========================================================================
Received Import Request.
  Time since last request: 0.000022 seconds.
  path: Assets/Texture2D/horizontal scrollbar thumb.png
  artifactKey: Guid(5a8cf82aa543bfc449cbf8b915d41c11) Importer(815301076,1909f56bfc062723c751e8b465ee728b)
Start importing Assets/Texture2D/horizontal scrollbar thumb.png using Guid(5a8cf82aa543bfc449cbf8b915d41c11) Importer(815301076,1909f56bfc062723c751e8b465ee728b)  -> (artifact id: 'b7be3580be5969ae25b696f6d1235395') in 0.009762 seconds 
========================================================================
Received Import Request.
  Time since last request: 0.000016 seconds.
  path: Assets/Texture2D/UnityWatermark-beta.png
  artifactKey: Guid(1fa2640061ddb9d45b818d920f93deaa) Importer(815301076,1909f56bfc062723c751e8b465ee728b)
Start importing Assets/Texture2D/UnityWatermark-beta.png using Guid(1fa2640061ddb9d45b818d920f93deaa) Importer(815301076,1909f56bfc062723c751e8b465ee728b)  -> (artifact id: 'a9551f7fb88bac11e5f8251b18444dc5') in 0.010286 seconds 
========================================================================
Received Import Request.
  Time since last request: 0.000017 seconds.
  path: Assets/Texture2D/粮食.png
  artifactKey: Guid(f7a2216e2a0b12843bbc67f96f4eb739) Importer(815301076,1909f56bfc062723c751e8b465ee728b)
Start importing Assets/Texture2D/粮食.png using Guid(f7a2216e2a0b12843bbc67f96f4eb739) Importer(815301076,1909f56bfc062723c751e8b465ee728b)  -> (artifact id: 'ec14b5d6cd752abde721cb7c13867b67') in 0.011408 seconds 
========================================================================
Received Import Request.
  Time since last request: 0.000018 seconds.
  path: Assets/Texture2D/杂乱图.png
  artifactKey: Guid(bdb2a7f7edfab1d458fc6bc146721647) Importer(815301076,1909f56bfc062723c751e8b465ee728b)
Start importing Assets/Texture2D/杂乱图.png using Guid(bdb2a7f7edfab1d458fc6bc146721647) Importer(815301076,1909f56bfc062723c751e8b465ee728b)  -> (artifact id: 'a9ebcdf8f24ad1a5607b7b6c76dcd845') in 0.011911 seconds 
========================================================================
Received Import Request.
  Time since last request: 0.000019 seconds.
  path: Assets/Texture2D/window.png
  artifactKey: Guid(a42ea3cc7fdb05d46a1177b282171d4b) Importer(815301076,1909f56bfc062723c751e8b465ee728b)
Start importing Assets/Texture2D/window.png using Guid(a42ea3cc7fdb05d46a1177b282171d4b) Importer(815301076,1909f56bfc062723c751e8b465ee728b)  -> (artifact id: 'bbfbc2cd0d6bc1ec7ff2c432f54b872a') in 0.011979 seconds 
========================================================================
Received Import Request.
  Time since last request: 0.000018 seconds.
  path: Assets/Texture2D/verticalslider.png
  artifactKey: Guid(5507b13b099106d468ac11ab57eecc2a) Importer(815301076,1909f56bfc062723c751e8b465ee728b)
Start importing Assets/Texture2D/verticalslider.png using Guid(5507b13b099106d468ac11ab57eecc2a) Importer(815301076,1909f56bfc062723c751e8b465ee728b)  -> (artifact id: '2a7ab5663e4e4ba3e41b617426f1ac22') in 0.009385 seconds 
========================================================================
Received Import Request.
  Time since last request: 0.000022 seconds.
  path: Assets/Texture2D/slider thumb.png
  artifactKey: Guid(8138ca487cacf7f4293b87e1d29a3f2b) Importer(815301076,1909f56bfc062723c751e8b465ee728b)
Start importing Assets/Texture2D/slider thumb.png using Guid(8138ca487cacf7f4293b87e1d29a3f2b) Importer(815301076,1909f56bfc062723c751e8b465ee728b)  -> (artifact id: '1e6825a6bc2a9465ff67990aa9d44a81') in 0.012315 seconds 
========================================================================
Received Import Request.
  Time since last request: 0.000031 seconds.
  path: Assets/Texture2D/居民.png
  artifactKey: Guid(ae1377b59017a5a4b83ea15270d0c160) Importer(815301076,1909f56bfc062723c751e8b465ee728b)
Start importing Assets/Texture2D/居民.png using Guid(ae1377b59017a5a4b83ea15270d0c160) Importer(815301076,1909f56bfc062723c751e8b465ee728b)  -> (artifact id: '159da07e854ef15820a9ec1d6506c9f1') in 0.013827 seconds 
========================================================================
Received Import Request.
  Time since last request: 0.000021 seconds.
  path: Assets/Texture2D/UnityWatermark-trial.png
  artifactKey: Guid(51bacdce5b02d0c4db4e3b8b258c3e7c) Importer(815301076,1909f56bfc062723c751e8b465ee728b)
Start importing Assets/Texture2D/UnityWatermark-trial.png using Guid(51bacdce5b02d0c4db4e3b8b258c3e7c) Importer(815301076,1909f56bfc062723c751e8b465ee728b)  -> (artifact id: '6deea56f60ee642041b96c3532adb2e1') in 0.008604 seconds 
