Using pre-set license
Built from '2021.3/staging' branch; Version is '2021.3.3f1 (af2e63e8f9bd) revision 11480675'; Using compiler version '192829333'; Build Type 'Release'
OS: 'Windows 10  (10.0.19045) 64bit Professional' Language: 'zh' Physical Memory: 32581 MB
BatchMode: 1, IsHumanControllingUs: 0, StartBugReporterOnCrash: 0, Is64bit: 1, IsPro: 1

COMMAND LINE ARGUMENTS:
D:\Unity\Unity 2021.3.3f1\Editor\Unity.exe
-adb2
-batchMode
-noUpm
-name
AssetImportWorker4
-projectPath
D:/Svn/ThreeMatch/OTCProj/New Unity Project
-logFile
Logs/AssetImportWorker4.log
-srvPort
10562
Successfully changed project path to: D:/Svn/ThreeMatch/OTCProj/New Unity Project
D:/Svn/ThreeMatch/OTCProj/New Unity Project
[UnityMemory] Configuration Parameters - Can be set up in boot.config
    "memorysetup-bucket-allocator-granularity=16"
    "memorysetup-bucket-allocator-bucket-count=8"
    "memorysetup-bucket-allocator-block-size=33554432"
    "memorysetup-bucket-allocator-block-count=8"
    "memorysetup-main-allocator-block-size=16777216"
    "memorysetup-thread-allocator-block-size=16777216"
    "memorysetup-gfx-main-allocator-block-size=16777216"
    "memorysetup-gfx-thread-allocator-block-size=16777216"
    "memorysetup-cache-allocator-block-size=4194304"
    "memorysetup-typetree-allocator-block-size=2097152"
    "memorysetup-profiler-bucket-allocator-granularity=16"
    "memorysetup-profiler-bucket-allocator-bucket-count=8"
    "memorysetup-profiler-bucket-allocator-block-size=33554432"
    "memorysetup-profiler-bucket-allocator-block-count=8"
    "memorysetup-profiler-allocator-block-size=16777216"
    "memorysetup-profiler-editor-allocator-block-size=1048576"
    "memorysetup-temp-allocator-size-main=16777216"
    "memorysetup-job-temp-allocator-block-size=2097152"
    "memorysetup-job-temp-allocator-block-size-background=1048576"
    "memorysetup-job-temp-allocator-reduction-small-platforms=262144"
    "memorysetup-temp-allocator-size-background-worker=32768"
    "memorysetup-temp-allocator-size-job-worker=262144"
    "memorysetup-temp-allocator-size-preload-manager=33554432"
    "memorysetup-temp-allocator-size-nav-mesh-worker=65536"
    "memorysetup-temp-allocator-size-audio-worker=65536"
    "memorysetup-temp-allocator-size-cloud-worker=32768"
    "memorysetup-temp-allocator-size-gi-baking-worker=262144"
    "memorysetup-temp-allocator-size-gfx=262144"
Refreshing native plugins compatible for Editor in 38.30 ms, found 2 plugins.
Preloading 0 native plugins for Editor in 0.00 ms.
Initialize engine version: 2021.3.3f1 (af2e63e8f9bd)
[Subsystems] Discovering subsystems at path D:/Unity/Unity 2021.3.3f1/Editor/Data/Resources/UnitySubsystems
[Subsystems] Discovering subsystems at path D:/Svn/ThreeMatch/OTCProj/New Unity Project/Assets
GfxDevice: creating device client; threaded=0; jobified=0
Direct3D:
    Version:  Direct3D 11.0 [level 11.1]
    Renderer: NVIDIA GeForce RTX 3060 (ID=0x2504)
    Vendor:   NVIDIA
    VRAM:     12129 MB
    Driver:   31.0.15.3623
Initialize mono
Mono path[0] = 'D:/Unity/Unity 2021.3.3f1/Editor/Data/Managed'
Mono path[1] = 'D:/Unity/Unity 2021.3.3f1/Editor/Data/MonoBleedingEdge/lib/mono/unityjit-win32'
Mono config path = 'D:/Unity/Unity 2021.3.3f1/Editor/Data/MonoBleedingEdge/etc'
Using monoOptions --debugger-agent=transport=dt_socket,embedding=1,server=y,suspend=n,address=127.0.0.1:56652
Begin MonoManager ReloadAssembly
Registering precompiled unity dll's ...
Register platform support module: D:/Unity/Unity 2021.3.3f1/Editor/Data/PlaybackEngines/WebGLSupport/UnityEditor.WebGL.Extensions.dll
Register platform support module: D:/Unity/Unity 2021.3.3f1/Editor/Data/PlaybackEngines/AndroidPlayer/UnityEditor.Android.Extensions.dll
Register platform support module: D:/Unity/Unity 2021.3.3f1/Editor/Data/PlaybackEngines/WindowsStandaloneSupport/UnityEditor.WindowsStandalone.Extensions.dll
Registered in 0.002462 seconds.
Native extension for WindowsStandalone target not found
Native extension for Android target not found
Native extension for WebGL target not found
Refreshing native plugins compatible for Editor in 42.79 ms, found 2 plugins.
Preloading 0 native plugins for Editor in 0.00 ms.
Mono: successfully reloaded assembly
- Completed reload, in  0.497 seconds
Domain Reload Profiling:
	ReloadAssembly (498ms)
		BeginReloadAssembly (56ms)
			ExecutionOrderSort (0ms)
			DisableScriptedObjects (0ms)
			BackupInstance (0ms)
			ReleaseScriptingObjects (0ms)
			CreateAndSetChildDomain (1ms)
		EndReloadAssembly (356ms)
			LoadAssemblies (56ms)
			RebuildTransferFunctionScriptingTraits (0ms)
			SetupTypeCache (91ms)
			ReleaseScriptCaches (0ms)
			RebuildScriptCaches (22ms)
			SetupLoadedEditorAssemblies (200ms)
				LogAssemblyErrors (0ms)
				InitializePlatformSupportModulesInManaged (44ms)
				SetLoadedEditorAssemblies (0ms)
				RefreshPlugins (43ms)
				BeforeProcessingInitializeOnLoad (1ms)
				ProcessInitializeOnLoadAttributes (78ms)
				ProcessInitializeOnLoadMethodAttributes (34ms)
				AfterProcessingInitializeOnLoad (0ms)
				EditorAssembliesLoaded (0ms)
			ExecutionOrderSort2 (0ms)
			AwakeInstancesAfterBackupRestoration (0ms)
Platform modules already initialized, skipping
Registering precompiled user dll's ...
Registered in 0.001661 seconds.
Begin MonoManager ReloadAssembly
Native extension for WindowsStandalone target not found
Native extension for Android target not found
Native extension for WebGL target not found
Refreshing native plugins compatible for Editor in 0.23 ms, found 2 plugins.
Preloading 0 native plugins for Editor in 0.00 ms.
Mono: successfully reloaded assembly
- Completed reload, in  0.635 seconds
Domain Reload Profiling:
	ReloadAssembly (635ms)
		BeginReloadAssembly (162ms)
			ExecutionOrderSort (0ms)
			DisableScriptedObjects (3ms)
			BackupInstance (0ms)
			ReleaseScriptingObjects (0ms)
			CreateAndSetChildDomain (113ms)
		EndReloadAssembly (406ms)
			LoadAssemblies (39ms)
			RebuildTransferFunctionScriptingTraits (0ms)
			SetupTypeCache (107ms)
			ReleaseScriptCaches (0ms)
			RebuildScriptCaches (24ms)
			SetupLoadedEditorAssemblies (212ms)
				LogAssemblyErrors (0ms)
				InitializePlatformSupportModulesInManaged (9ms)
				SetLoadedEditorAssemblies (0ms)
				RefreshPlugins (0ms)
				BeforeProcessingInitializeOnLoad (54ms)
				ProcessInitializeOnLoadAttributes (131ms)
				ProcessInitializeOnLoadMethodAttributes (17ms)
				AfterProcessingInitializeOnLoad (2ms)
				EditorAssembliesLoaded (0ms)
			ExecutionOrderSort2 (0ms)
			AwakeInstancesAfterBackupRestoration (4ms)
Platform modules already initialized, skipping
========================================================================
Worker process is ready to serve import requests
Launched and connected shader compiler UnityShaderCompiler.exe after 0.03 seconds
Refreshing native plugins compatible for Editor in 0.26 ms, found 2 plugins.
Preloading 0 native plugins for Editor in 0.00 ms.
Unloading 1709 Unused Serialized files (Serialized files now loaded: 0)
Unloading 19 unused Assets / (47.3 KB). Loaded Objects now: 2177.
Memory consumption went from 73.0 MB to 72.9 MB.
Total: 2.004000 ms (FindLiveObjects: 0.094200 ms CreateObjectMapping: 0.046800 ms MarkObjects: 1.808500 ms  DeleteObjects: 0.053500 ms)

AssetImportParameters requested are different than current active one (requested -> active):
  custom:video-decoder-ogg-theora: a1e56fd34408186e4bbccfd4996cb3dc -> 
  custom:container-muxer-webm: aa71ff27fc2769a1b78a27578f13a17b -> 
  custom:container-demuxer-webm: 4f35f7cbe854078d1ac9338744f61a02 -> 
  custom:video-encoder-webm-vp8: eb34c28f22e8b96e1ab97ce403110664 -> 
  custom:audio-encoder-webm-vorbis: bf7c407c2cedff20999df2af8eb42d56 -> 
  custom:framework-win-MediaFoundation: 216162199b28c13a410421893ffa2e32 -> 
  custom:container-demuxer-ogg: 62fdf1f143b41e24485cea50d1cbac27 -> 
  custom:video-decoder-webm-vp8: 9c59270c3fd7afecdb556c50c9e8de78 -> 
  custom:audio-decoder-ogg-vorbis: bf7c407c2cedff20999df2af8eb42d56 -> 
========================================================================
Received Import Request.
  Time since last request: 537477.049502 seconds.
  path: Assets/Texture2D
  artifactKey: Guid(9dba374b1a9973249a282dbb29e1a87f) Importer(815301076,1909f56bfc062723c751e8b465ee728b)
Start importing Assets/Texture2D using Guid(9dba374b1a9973249a282dbb29e1a87f) Importer(815301076,1909f56bfc062723c751e8b465ee728b)  -> (artifact id: 'f0122a498aa271f8f20daaea5a6433cd') in 0.007631 seconds 
========================================================================
Received Import Request.
  Time since last request: 16.634341 seconds.
  path: Assets/Texture2D/Background.png
  artifactKey: Guid(20f48056977874243b9a3b6b96e07bde) Importer(815301076,1909f56bfc062723c751e8b465ee728b)
Start importing Assets/Texture2D/Background.png using Guid(20f48056977874243b9a3b6b96e07bde) Importer(815301076,1909f56bfc062723c751e8b465ee728b)  -> (artifact id: '2503b20cf7c916ebac5987d00edbc237') in 0.094918 seconds 
========================================================================
Received Import Request.
  Time since last request: 0.000017 seconds.
  path: Assets/Texture2D/Knob.png
  artifactKey: Guid(65b76c992a45f8c4786f3e1b197893f6) Importer(815301076,1909f56bfc062723c751e8b465ee728b)
Start importing Assets/Texture2D/Knob.png using Guid(65b76c992a45f8c4786f3e1b197893f6) Importer(815301076,1909f56bfc062723c751e8b465ee728b)  -> (artifact id: '1526ef1cfeb8b71e5d173f91830b6bf9') in 0.081274 seconds 
========================================================================
Received Import Request.
  Time since last request: 0.000018 seconds.
  path: Assets/Texture2D/大科技图.png
  artifactKey: Guid(9a5814d8f0dd5a34d966b6b781c6ab84) Importer(815301076,1909f56bfc062723c751e8b465ee728b)
Start importing Assets/Texture2D/大科技图.png using Guid(9a5814d8f0dd5a34d966b6b781c6ab84) Importer(815301076,1909f56bfc062723c751e8b465ee728b)  -> (artifact id: '4c8d444b3e142caa98fa2457c1c3888c') in 0.042537 seconds 
========================================================================
Received Import Request.
  Time since last request: 0.000032 seconds.
  path: Assets/Texture2D/UnityWatermarkPlugin-beta.png
  artifactKey: Guid(418bd8c0f490e624786780c59a2a650b) Importer(815301076,1909f56bfc062723c751e8b465ee728b)
Start importing Assets/Texture2D/UnityWatermarkPlugin-beta.png using Guid(418bd8c0f490e624786780c59a2a650b) Importer(815301076,1909f56bfc062723c751e8b465ee728b)  -> (artifact id: 'aee5ba8efd0ff99a046ca29ca770c123') in 0.010993 seconds 
========================================================================
Received Import Request.
  Time since last request: 0.000026 seconds.
  path: Assets/Texture2D/textfield on.png
  artifactKey: Guid(f2650ebaecbd09b43ba7c6739858347d) Importer(815301076,1909f56bfc062723c751e8b465ee728b)
Start importing Assets/Texture2D/textfield on.png using Guid(f2650ebaecbd09b43ba7c6739858347d) Importer(815301076,1909f56bfc062723c751e8b465ee728b)  -> (artifact id: '6900c0adc493a1e9f88a80f82196ea6d') in 0.011384 seconds 
========================================================================
Received Import Request.
  Time since last request: 0.000023 seconds.
  path: Assets/Texture2D/英雄2.png
  artifactKey: Guid(455d914a40d595443a55e21814f30c66) Importer(815301076,1909f56bfc062723c751e8b465ee728b)
Start importing Assets/Texture2D/英雄2.png using Guid(455d914a40d595443a55e21814f30c66) Importer(815301076,1909f56bfc062723c751e8b465ee728b)  -> (artifact id: '4a3ea9b6380e92bfdb4a3b4db25def8d') in 0.013066 seconds 
========================================================================
Received Import Request.
  Time since last request: 0.000018 seconds.
  path: Assets/Texture2D/slider thumb active.png
  artifactKey: Guid(599e201c72a30af4290320a5e2d2bb17) Importer(815301076,1909f56bfc062723c751e8b465ee728b)
Start importing Assets/Texture2D/slider thumb active.png using Guid(599e201c72a30af4290320a5e2d2bb17) Importer(815301076,1909f56bfc062723c751e8b465ee728b)  -> (artifact id: '0dfd4e35f9de94ac9051cb007bfc88d4') in 0.012313 seconds 
========================================================================
Received Import Request.
  Time since last request: 0.000020 seconds.
  path: Assets/Texture2D/toggle on active.png
  artifactKey: Guid(96c5587a0c58d4643901e36d68362cdc) Importer(815301076,1909f56bfc062723c751e8b465ee728b)
Start importing Assets/Texture2D/toggle on active.png using Guid(96c5587a0c58d4643901e36d68362cdc) Importer(815301076,1909f56bfc062723c751e8b465ee728b)  -> (artifact id: '3b106900b7606035d7dc4ddb249b8268') in 0.011813 seconds 
========================================================================
Received Import Request.
  Time since last request: 0.000020 seconds.
  path: Assets/Texture2D/科技解锁的ui.png
  artifactKey: Guid(ed8266d5de426514eba1c60a84588611) Importer(815301076,1909f56bfc062723c751e8b465ee728b)
Start importing Assets/Texture2D/科技解锁的ui.png using Guid(ed8266d5de426514eba1c60a84588611) Importer(815301076,1909f56bfc062723c751e8b465ee728b)  -> (artifact id: 'e7b48bf14092e8c35cad51a3f7693411') in 0.012574 seconds 
========================================================================
Received Import Request.
  Time since last request: 0.000018 seconds.
  path: Assets/Texture2D/教程.png
  artifactKey: Guid(f911479852bfc424c9941365d034528b) Importer(815301076,1909f56bfc062723c751e8b465ee728b)
Start importing Assets/Texture2D/教程.png using Guid(f911479852bfc424c9941365d034528b) Importer(815301076,1909f56bfc062723c751e8b465ee728b)  -> (artifact id: 'f130d5c44f50dde38a23ca283780a32d') in 0.012733 seconds 
========================================================================
Received Import Request.
  Time since last request: 0.000018 seconds.
  path: Assets/Texture2D/UISprite.png
  artifactKey: Guid(24a5fe0105814d845b40abe432a79204) Importer(815301076,1909f56bfc062723c751e8b465ee728b)
Start importing Assets/Texture2D/UISprite.png using Guid(24a5fe0105814d845b40abe432a79204) Importer(815301076,1909f56bfc062723c751e8b465ee728b)  -> (artifact id: '462509889bdb4a887bff2158de087555') in 0.011851 seconds 
========================================================================
Received Import Request.
  Time since last request: 0.000016 seconds.
  path: Assets/Texture2D/科技图.png
  artifactKey: Guid(9c17dafd647220f468b37f74afb6aaea) Importer(815301076,1909f56bfc062723c751e8b465ee728b)
Start importing Assets/Texture2D/科技图.png using Guid(9c17dafd647220f468b37f74afb6aaea) Importer(815301076,1909f56bfc062723c751e8b465ee728b)  -> (artifact id: '2262ec85f3c13ed083e3ff5331e38844') in 0.011844 seconds 
========================================================================
Received Import Request.
  Time since last request: 0.000019 seconds.
  path: Assets/Texture2D/slidert humb hover.png
  artifactKey: Guid(fd3f9f22c0e387c40855390ba0d008fd) Importer(815301076,1909f56bfc062723c751e8b465ee728b)
Start importing Assets/Texture2D/slidert humb hover.png using Guid(fd3f9f22c0e387c40855390ba0d008fd) Importer(815301076,1909f56bfc062723c751e8b465ee728b)  -> (artifact id: 'a2e827178cd853d2951811229d5f0f48') in 0.010337 seconds 
========================================================================
Received Import Request.
  Time since last request: 0.000020 seconds.
  path: Assets/Texture2D/UnitySplash-HolographicTrackingLoss.png
  artifactKey: Guid(5287d693d5e293340b59b33915b0245b) Importer(815301076,1909f56bfc062723c751e8b465ee728b)
Start importing Assets/Texture2D/UnitySplash-HolographicTrackingLoss.png using Guid(5287d693d5e293340b59b33915b0245b) Importer(815301076,1909f56bfc062723c751e8b465ee728b)  -> (artifact id: '12bc9b8ef0fc06bc2b7949399c7ed24e') in 0.010811 seconds 
========================================================================
Received Import Request.
  Time since last request: 0.000020 seconds.
  path: Assets/Texture2D/框.png
  artifactKey: Guid(2a6f0657e93ae454e91225edc6b0889a) Importer(815301076,1909f56bfc062723c751e8b465ee728b)
Start importing Assets/Texture2D/框.png using Guid(2a6f0657e93ae454e91225edc6b0889a) Importer(815301076,1909f56bfc062723c751e8b465ee728b)  -> (artifact id: '28f03425ac8833acee2db56c9c0a5fc4') in 0.012198 seconds 
========================================================================
Received Import Request.
  Time since last request: 0.000025 seconds.
  path: Assets/Texture2D/WarningSign.png
  artifactKey: Guid(8234930227f735a4db7f33004d381ffd) Importer(815301076,1909f56bfc062723c751e8b465ee728b)
Start importing Assets/Texture2D/WarningSign.png using Guid(8234930227f735a4db7f33004d381ffd) Importer(815301076,1909f56bfc062723c751e8b465ee728b)  -> (artifact id: 'afcbfe81c2d3175891d3066abf784e8e') in 0.013590 seconds 
