Using pre-set license
Built from '2021.3/staging' branch; Version is '2021.3.3f1 (af2e63e8f9bd) revision 11480675'; Using compiler version '192829333'; Build Type 'Release'
OS: 'Windows 10  (10.0.19045) 64bit Professional' Language: 'zh' Physical Memory: 32581 MB
BatchMode: 1, IsHumanControllingUs: 0, StartBugReporterOnCrash: 0, Is64bit: 1, IsPro: 1

COMMAND LINE ARGUMENTS:
D:\Unity\Unity 2021.3.3f1\Editor\Unity.exe
-adb2
-batchMode
-noUpm
-name
AssetImportWorker3
-projectPath
D:/Svn/ThreeMatch/OTCProj/New Unity Project
-logFile
Logs/AssetImportWorker3.log
-srvPort
10562
Successfully changed project path to: D:/Svn/ThreeMatch/OTCProj/New Unity Project
D:/Svn/ThreeMatch/OTCProj/New Unity Project
[UnityMemory] Configuration Parameters - Can be set up in boot.config
    "memorysetup-bucket-allocator-granularity=16"
    "memorysetup-bucket-allocator-bucket-count=8"
    "memorysetup-bucket-allocator-block-size=33554432"
    "memorysetup-bucket-allocator-block-count=8"
    "memorysetup-main-allocator-block-size=16777216"
    "memorysetup-thread-allocator-block-size=16777216"
    "memorysetup-gfx-main-allocator-block-size=16777216"
    "memorysetup-gfx-thread-allocator-block-size=16777216"
    "memorysetup-cache-allocator-block-size=4194304"
    "memorysetup-typetree-allocator-block-size=2097152"
    "memorysetup-profiler-bucket-allocator-granularity=16"
    "memorysetup-profiler-bucket-allocator-bucket-count=8"
    "memorysetup-profiler-bucket-allocator-block-size=33554432"
    "memorysetup-profiler-bucket-allocator-block-count=8"
    "memorysetup-profiler-allocator-block-size=16777216"
    "memorysetup-profiler-editor-allocator-block-size=1048576"
    "memorysetup-temp-allocator-size-main=16777216"
    "memorysetup-job-temp-allocator-block-size=2097152"
    "memorysetup-job-temp-allocator-block-size-background=1048576"
    "memorysetup-job-temp-allocator-reduction-small-platforms=262144"
    "memorysetup-temp-allocator-size-background-worker=32768"
    "memorysetup-temp-allocator-size-job-worker=262144"
    "memorysetup-temp-allocator-size-preload-manager=33554432"
    "memorysetup-temp-allocator-size-nav-mesh-worker=65536"
    "memorysetup-temp-allocator-size-audio-worker=65536"
    "memorysetup-temp-allocator-size-cloud-worker=32768"
    "memorysetup-temp-allocator-size-gi-baking-worker=262144"
    "memorysetup-temp-allocator-size-gfx=262144"
Refreshing native plugins compatible for Editor in 43.57 ms, found 2 plugins.
Preloading 0 native plugins for Editor in 0.00 ms.
Initialize engine version: 2021.3.3f1 (af2e63e8f9bd)
[Subsystems] Discovering subsystems at path D:/Unity/Unity 2021.3.3f1/Editor/Data/Resources/UnitySubsystems
[Subsystems] Discovering subsystems at path D:/Svn/ThreeMatch/OTCProj/New Unity Project/Assets
GfxDevice: creating device client; threaded=0; jobified=0
Direct3D:
    Version:  Direct3D 11.0 [level 11.1]
    Renderer: NVIDIA GeForce RTX 3060 (ID=0x2504)
    Vendor:   NVIDIA
    VRAM:     12129 MB
    Driver:   31.0.15.3623
Initialize mono
Mono path[0] = 'D:/Unity/Unity 2021.3.3f1/Editor/Data/Managed'
Mono path[1] = 'D:/Unity/Unity 2021.3.3f1/Editor/Data/MonoBleedingEdge/lib/mono/unityjit-win32'
Mono config path = 'D:/Unity/Unity 2021.3.3f1/Editor/Data/MonoBleedingEdge/etc'
Using monoOptions --debugger-agent=transport=dt_socket,embedding=1,server=y,suspend=n,address=127.0.0.1:56104
Begin MonoManager ReloadAssembly
Registering precompiled unity dll's ...
Register platform support module: D:/Unity/Unity 2021.3.3f1/Editor/Data/PlaybackEngines/WebGLSupport/UnityEditor.WebGL.Extensions.dll
Register platform support module: D:/Unity/Unity 2021.3.3f1/Editor/Data/PlaybackEngines/AndroidPlayer/UnityEditor.Android.Extensions.dll
Register platform support module: D:/Unity/Unity 2021.3.3f1/Editor/Data/PlaybackEngines/WindowsStandaloneSupport/UnityEditor.WindowsStandalone.Extensions.dll
Registered in 0.001654 seconds.
Native extension for WindowsStandalone target not found
Native extension for Android target not found
Native extension for WebGL target not found
Refreshing native plugins compatible for Editor in 36.57 ms, found 2 plugins.
Preloading 0 native plugins for Editor in 0.00 ms.
Mono: successfully reloaded assembly
- Completed reload, in  0.375 seconds
Domain Reload Profiling:
	ReloadAssembly (375ms)
		BeginReloadAssembly (39ms)
			ExecutionOrderSort (0ms)
			DisableScriptedObjects (0ms)
			BackupInstance (0ms)
			ReleaseScriptingObjects (0ms)
			CreateAndSetChildDomain (0ms)
		EndReloadAssembly (267ms)
			LoadAssemblies (39ms)
			RebuildTransferFunctionScriptingTraits (0ms)
			SetupTypeCache (65ms)
			ReleaseScriptCaches (0ms)
			RebuildScriptCaches (15ms)
			SetupLoadedEditorAssemblies (158ms)
				LogAssemblyErrors (0ms)
				InitializePlatformSupportModulesInManaged (35ms)
				SetLoadedEditorAssemblies (0ms)
				RefreshPlugins (37ms)
				BeforeProcessingInitializeOnLoad (1ms)
				ProcessInitializeOnLoadAttributes (59ms)
				ProcessInitializeOnLoadMethodAttributes (27ms)
				AfterProcessingInitializeOnLoad (0ms)
				EditorAssembliesLoaded (0ms)
			ExecutionOrderSort2 (0ms)
			AwakeInstancesAfterBackupRestoration (0ms)
Platform modules already initialized, skipping
Registering precompiled user dll's ...
Registered in 0.001196 seconds.
Begin MonoManager ReloadAssembly
Native extension for WindowsStandalone target not found
Native extension for Android target not found
Native extension for WebGL target not found
Refreshing native plugins compatible for Editor in 0.28 ms, found 2 plugins.
Preloading 0 native plugins for Editor in 0.00 ms.
Mono: successfully reloaded assembly
- Completed reload, in  0.648 seconds
Domain Reload Profiling:
	ReloadAssembly (648ms)
		BeginReloadAssembly (164ms)
			ExecutionOrderSort (0ms)
			DisableScriptedObjects (3ms)
			BackupInstance (0ms)
			ReleaseScriptingObjects (0ms)
			CreateAndSetChildDomain (114ms)
		EndReloadAssembly (418ms)
			LoadAssemblies (38ms)
			RebuildTransferFunctionScriptingTraits (0ms)
			SetupTypeCache (109ms)
			ReleaseScriptCaches (0ms)
			RebuildScriptCaches (24ms)
			SetupLoadedEditorAssemblies (217ms)
				LogAssemblyErrors (0ms)
				InitializePlatformSupportModulesInManaged (10ms)
				SetLoadedEditorAssemblies (0ms)
				RefreshPlugins (0ms)
				BeforeProcessingInitializeOnLoad (56ms)
				ProcessInitializeOnLoadAttributes (132ms)
				ProcessInitializeOnLoadMethodAttributes (17ms)
				AfterProcessingInitializeOnLoad (2ms)
				EditorAssembliesLoaded (0ms)
			ExecutionOrderSort2 (0ms)
			AwakeInstancesAfterBackupRestoration (4ms)
Platform modules already initialized, skipping
========================================================================
Worker process is ready to serve import requests
Launched and connected shader compiler UnityShaderCompiler.exe after 0.03 seconds
Refreshing native plugins compatible for Editor in 0.40 ms, found 2 plugins.
Preloading 0 native plugins for Editor in 0.00 ms.
Unloading 1709 Unused Serialized files (Serialized files now loaded: 0)
Unloading 19 unused Assets / (47.3 KB). Loaded Objects now: 2177.
Memory consumption went from 73.0 MB to 72.9 MB.
Total: 1.980900 ms (FindLiveObjects: 0.087100 ms CreateObjectMapping: 0.023400 ms MarkObjects: 1.820600 ms  DeleteObjects: 0.048700 ms)

AssetImportParameters requested are different than current active one (requested -> active):
  custom:video-decoder-ogg-theora: a1e56fd34408186e4bbccfd4996cb3dc -> 
  custom:container-muxer-webm: aa71ff27fc2769a1b78a27578f13a17b -> 
  custom:container-demuxer-webm: 4f35f7cbe854078d1ac9338744f61a02 -> 
  custom:video-encoder-webm-vp8: eb34c28f22e8b96e1ab97ce403110664 -> 
  custom:audio-encoder-webm-vorbis: bf7c407c2cedff20999df2af8eb42d56 -> 
  custom:framework-win-MediaFoundation: 216162199b28c13a410421893ffa2e32 -> 
  custom:container-demuxer-ogg: 62fdf1f143b41e24485cea50d1cbac27 -> 
  custom:video-decoder-webm-vp8: 9c59270c3fd7afecdb556c50c9e8de78 -> 
  custom:audio-decoder-ogg-vorbis: bf7c407c2cedff20999df2af8eb42d56 -> 
========================================================================
Received Import Request.
  Time since last request: 534620.687081 seconds.
  path: Assets/font/小考拉体.ttf
  artifactKey: Guid(7d56e7901a1fb0649a621f1e86391c1a) Importer(815301076,1909f56bfc062723c751e8b465ee728b)
Start importing Assets/font/小考拉体.ttf using Guid(7d56e7901a1fb0649a621f1e86391c1a) Importer(815301076,1909f56bfc062723c751e8b465ee728b)  -> (artifact id: 'f9d2fb14d48cc1a0f9a9c1752e088930') in 0.092359 seconds 
========================================================================
Received Prepare
Registering precompiled user dll's ...
Registered in 0.001120 seconds.
Begin MonoManager ReloadAssembly
Native extension for WindowsStandalone target not found
Native extension for Android target not found
Native extension for WebGL target not found
Refreshing native plugins compatible for Editor in 0.22 ms, found 2 plugins.
Preloading 0 native plugins for Editor in 0.00 ms.
Mono: successfully reloaded assembly
- Completed reload, in  0.560 seconds
Domain Reload Profiling:
	ReloadAssembly (560ms)
		BeginReloadAssembly (75ms)
			ExecutionOrderSort (0ms)
			DisableScriptedObjects (3ms)
			BackupInstance (0ms)
			ReleaseScriptingObjects (0ms)
			CreateAndSetChildDomain (20ms)
		EndReloadAssembly (427ms)
			LoadAssemblies (40ms)
			RebuildTransferFunctionScriptingTraits (0ms)
			SetupTypeCache (108ms)
			ReleaseScriptCaches (1ms)
			RebuildScriptCaches (33ms)
			SetupLoadedEditorAssemblies (206ms)
				LogAssemblyErrors (0ms)
				InitializePlatformSupportModulesInManaged (14ms)
				SetLoadedEditorAssemblies (0ms)
				RefreshPlugins (0ms)
				BeforeProcessingInitializeOnLoad (54ms)
				ProcessInitializeOnLoadAttributes (117ms)
				ProcessInitializeOnLoadMethodAttributes (19ms)
				AfterProcessingInitializeOnLoad (2ms)
				EditorAssembliesLoaded (0ms)
			ExecutionOrderSort2 (0ms)
			AwakeInstancesAfterBackupRestoration (4ms)
Platform modules already initialized, skipping
Refreshing native plugins compatible for Editor in 0.70 ms, found 2 plugins.
Preloading 0 native plugins for Editor in 0.00 ms.
Unloading 1704 Unused Serialized files (Serialized files now loaded: 0)
Unloading 12 unused Assets / (31.7 KB). Loaded Objects now: 2223.
Memory consumption went from 77.1 MB to 77.1 MB.
Total: 1.891900 ms (FindLiveObjects: 0.083300 ms CreateObjectMapping: 0.025100 ms MarkObjects: 1.770600 ms  DeleteObjects: 0.012000 ms)

AssetImportParameters requested are different than current active one (requested -> active):
  custom:video-decoder-ogg-theora: a1e56fd34408186e4bbccfd4996cb3dc -> 
  custom:container-muxer-webm: aa71ff27fc2769a1b78a27578f13a17b -> 
  custom:container-demuxer-webm: 4f35f7cbe854078d1ac9338744f61a02 -> 
  custom:video-encoder-webm-vp8: eb34c28f22e8b96e1ab97ce403110664 -> 
  custom:audio-encoder-webm-vorbis: bf7c407c2cedff20999df2af8eb42d56 -> 
  custom:framework-win-MediaFoundation: 216162199b28c13a410421893ffa2e32 -> 
  custom:container-demuxer-ogg: 62fdf1f143b41e24485cea50d1cbac27 -> 
  custom:video-decoder-webm-vp8: 9c59270c3fd7afecdb556c50c9e8de78 -> 
  custom:audio-decoder-ogg-vorbis: bf7c407c2cedff20999df2af8eb42d56 -> 
========================================================================
Received Prepare
Registering precompiled user dll's ...
Registered in 0.001139 seconds.
Begin MonoManager ReloadAssembly
Native extension for WindowsStandalone target not found
Native extension for Android target not found
Native extension for WebGL target not found
Refreshing native plugins compatible for Editor in 0.22 ms, found 2 plugins.
Preloading 0 native plugins for Editor in 0.00 ms.
Mono: successfully reloaded assembly
- Completed reload, in  0.538 seconds
Domain Reload Profiling:
	ReloadAssembly (538ms)
		BeginReloadAssembly (78ms)
			ExecutionOrderSort (0ms)
			DisableScriptedObjects (3ms)
			BackupInstance (0ms)
			ReleaseScriptingObjects (0ms)
			CreateAndSetChildDomain (19ms)
		EndReloadAssembly (403ms)
			LoadAssemblies (41ms)
			RebuildTransferFunctionScriptingTraits (0ms)
			SetupTypeCache (113ms)
			ReleaseScriptCaches (1ms)
			RebuildScriptCaches (23ms)
			SetupLoadedEditorAssemblies (203ms)
				LogAssemblyErrors (0ms)
				InitializePlatformSupportModulesInManaged (13ms)
				SetLoadedEditorAssemblies (0ms)
				RefreshPlugins (0ms)
				BeforeProcessingInitializeOnLoad (53ms)
				ProcessInitializeOnLoadAttributes (118ms)
				ProcessInitializeOnLoadMethodAttributes (16ms)
				AfterProcessingInitializeOnLoad (2ms)
				EditorAssembliesLoaded (0ms)
			ExecutionOrderSort2 (0ms)
			AwakeInstancesAfterBackupRestoration (4ms)
Platform modules already initialized, skipping
Refreshing native plugins compatible for Editor in 0.86 ms, found 2 plugins.
Preloading 0 native plugins for Editor in 0.00 ms.
Unloading 1704 Unused Serialized files (Serialized files now loaded: 0)
Unloading 12 unused Assets / (31.8 KB). Loaded Objects now: 2226.
Memory consumption went from 77.1 MB to 77.1 MB.
Total: 1.743500 ms (FindLiveObjects: 0.082400 ms CreateObjectMapping: 0.028500 ms MarkObjects: 1.620300 ms  DeleteObjects: 0.011500 ms)

AssetImportParameters requested are different than current active one (requested -> active):
  custom:video-decoder-ogg-theora: a1e56fd34408186e4bbccfd4996cb3dc -> 
  custom:container-muxer-webm: aa71ff27fc2769a1b78a27578f13a17b -> 
  custom:container-demuxer-webm: 4f35f7cbe854078d1ac9338744f61a02 -> 
  custom:video-encoder-webm-vp8: eb34c28f22e8b96e1ab97ce403110664 -> 
  custom:audio-encoder-webm-vorbis: bf7c407c2cedff20999df2af8eb42d56 -> 
  custom:framework-win-MediaFoundation: 216162199b28c13a410421893ffa2e32 -> 
  custom:container-demuxer-ogg: 62fdf1f143b41e24485cea50d1cbac27 -> 
  custom:video-decoder-webm-vp8: 9c59270c3fd7afecdb556c50c9e8de78 -> 
  custom:audio-decoder-ogg-vorbis: bf7c407c2cedff20999df2af8eb42d56 -> 
========================================================================
Received Prepare
Registering precompiled user dll's ...
Registered in 0.001125 seconds.
Begin MonoManager ReloadAssembly
Native extension for WindowsStandalone target not found
Native extension for Android target not found
Native extension for WebGL target not found
Refreshing native plugins compatible for Editor in 0.25 ms, found 2 plugins.
Preloading 0 native plugins for Editor in 0.00 ms.
Mono: successfully reloaded assembly
- Completed reload, in  0.543 seconds
Domain Reload Profiling:
	ReloadAssembly (543ms)
		BeginReloadAssembly (72ms)
			ExecutionOrderSort (0ms)
			DisableScriptedObjects (3ms)
			BackupInstance (0ms)
			ReleaseScriptingObjects (0ms)
			CreateAndSetChildDomain (18ms)
		EndReloadAssembly (413ms)
			LoadAssemblies (42ms)
			RebuildTransferFunctionScriptingTraits (0ms)
			SetupTypeCache (112ms)
			ReleaseScriptCaches (1ms)
			RebuildScriptCaches (29ms)
			SetupLoadedEditorAssemblies (204ms)
				LogAssemblyErrors (0ms)
				InitializePlatformSupportModulesInManaged (15ms)
				SetLoadedEditorAssemblies (0ms)
				RefreshPlugins (0ms)
				BeforeProcessingInitializeOnLoad (53ms)
				ProcessInitializeOnLoadAttributes (117ms)
				ProcessInitializeOnLoadMethodAttributes (17ms)
				AfterProcessingInitializeOnLoad (2ms)
				EditorAssembliesLoaded (0ms)
			ExecutionOrderSort2 (0ms)
			AwakeInstancesAfterBackupRestoration (4ms)
Platform modules already initialized, skipping
Refreshing native plugins compatible for Editor in 0.56 ms, found 2 plugins.
Preloading 0 native plugins for Editor in 0.00 ms.
Unloading 1704 Unused Serialized files (Serialized files now loaded: 0)
Unloading 12 unused Assets / (31.7 KB). Loaded Objects now: 2229.
Memory consumption went from 77.1 MB to 77.1 MB.
Total: 1.769500 ms (FindLiveObjects: 0.087300 ms CreateObjectMapping: 0.024800 ms MarkObjects: 1.644000 ms  DeleteObjects: 0.012600 ms)

AssetImportParameters requested are different than current active one (requested -> active):
  custom:video-decoder-ogg-theora: a1e56fd34408186e4bbccfd4996cb3dc -> 
  custom:container-muxer-webm: aa71ff27fc2769a1b78a27578f13a17b -> 
  custom:container-demuxer-webm: 4f35f7cbe854078d1ac9338744f61a02 -> 
  custom:video-encoder-webm-vp8: eb34c28f22e8b96e1ab97ce403110664 -> 
  custom:audio-encoder-webm-vorbis: bf7c407c2cedff20999df2af8eb42d56 -> 
  custom:framework-win-MediaFoundation: 216162199b28c13a410421893ffa2e32 -> 
  custom:container-demuxer-ogg: 62fdf1f143b41e24485cea50d1cbac27 -> 
  custom:video-decoder-webm-vp8: 9c59270c3fd7afecdb556c50c9e8de78 -> 
  custom:audio-decoder-ogg-vorbis: bf7c407c2cedff20999df2af8eb42d56 -> 
========================================================================
Received Prepare
Registering precompiled user dll's ...
Registered in 0.001073 seconds.
Begin MonoManager ReloadAssembly
Native extension for WindowsStandalone target not found
Native extension for Android target not found
Native extension for WebGL target not found
Refreshing native plugins compatible for Editor in 0.23 ms, found 2 plugins.
Preloading 0 native plugins for Editor in 0.00 ms.
Mono: successfully reloaded assembly
- Completed reload, in  0.530 seconds
Domain Reload Profiling:
	ReloadAssembly (531ms)
		BeginReloadAssembly (74ms)
			ExecutionOrderSort (0ms)
			DisableScriptedObjects (4ms)
			BackupInstance (0ms)
			ReleaseScriptingObjects (0ms)
			CreateAndSetChildDomain (18ms)
		EndReloadAssembly (402ms)
			LoadAssemblies (42ms)
			RebuildTransferFunctionScriptingTraits (0ms)
			SetupTypeCache (103ms)
			ReleaseScriptCaches (1ms)
			RebuildScriptCaches (25ms)
			SetupLoadedEditorAssemblies (208ms)
				LogAssemblyErrors (0ms)
				InitializePlatformSupportModulesInManaged (14ms)
				SetLoadedEditorAssemblies (0ms)
				RefreshPlugins (0ms)
				BeforeProcessingInitializeOnLoad (57ms)
				ProcessInitializeOnLoadAttributes (119ms)
				ProcessInitializeOnLoadMethodAttributes (16ms)
				AfterProcessingInitializeOnLoad (2ms)
				EditorAssembliesLoaded (0ms)
			ExecutionOrderSort2 (0ms)
			AwakeInstancesAfterBackupRestoration (4ms)
Platform modules already initialized, skipping
Refreshing native plugins compatible for Editor in 0.78 ms, found 2 plugins.
Preloading 0 native plugins for Editor in 0.00 ms.
Unloading 1704 Unused Serialized files (Serialized files now loaded: 0)
Unloading 12 unused Assets / (31.8 KB). Loaded Objects now: 2232.
Memory consumption went from 77.1 MB to 77.1 MB.
Total: 1.708700 ms (FindLiveObjects: 0.083100 ms CreateObjectMapping: 0.024100 ms MarkObjects: 1.590300 ms  DeleteObjects: 0.010400 ms)

AssetImportParameters requested are different than current active one (requested -> active):
  custom:video-decoder-ogg-theora: a1e56fd34408186e4bbccfd4996cb3dc -> 
  custom:container-muxer-webm: aa71ff27fc2769a1b78a27578f13a17b -> 
  custom:container-demuxer-webm: 4f35f7cbe854078d1ac9338744f61a02 -> 
  custom:video-encoder-webm-vp8: eb34c28f22e8b96e1ab97ce403110664 -> 
  custom:audio-encoder-webm-vorbis: bf7c407c2cedff20999df2af8eb42d56 -> 
  custom:framework-win-MediaFoundation: 216162199b28c13a410421893ffa2e32 -> 
  custom:container-demuxer-ogg: 62fdf1f143b41e24485cea50d1cbac27 -> 
  custom:video-decoder-webm-vp8: 9c59270c3fd7afecdb556c50c9e8de78 -> 
  custom:audio-decoder-ogg-vorbis: bf7c407c2cedff20999df2af8eb42d56 -> 
========================================================================
Received Prepare
Registering precompiled user dll's ...
Registered in 0.001080 seconds.
Begin MonoManager ReloadAssembly
Native extension for WindowsStandalone target not found
Native extension for Android target not found
Native extension for WebGL target not found
Refreshing native plugins compatible for Editor in 0.24 ms, found 2 plugins.
Preloading 0 native plugins for Editor in 0.00 ms.
Mono: successfully reloaded assembly
- Completed reload, in  0.541 seconds
Domain Reload Profiling:
	ReloadAssembly (541ms)
		BeginReloadAssembly (78ms)
			ExecutionOrderSort (0ms)
			DisableScriptedObjects (3ms)
			BackupInstance (0ms)
			ReleaseScriptingObjects (0ms)
			CreateAndSetChildDomain (19ms)
		EndReloadAssembly (409ms)
			LoadAssemblies (44ms)
			RebuildTransferFunctionScriptingTraits (0ms)
			SetupTypeCache (104ms)
			ReleaseScriptCaches (1ms)
			RebuildScriptCaches (24ms)
			SetupLoadedEditorAssemblies (213ms)
				LogAssemblyErrors (0ms)
				InitializePlatformSupportModulesInManaged (13ms)
				SetLoadedEditorAssemblies (0ms)
				RefreshPlugins (0ms)
				BeforeProcessingInitializeOnLoad (59ms)
				ProcessInitializeOnLoadAttributes (122ms)
				ProcessInitializeOnLoadMethodAttributes (16ms)
				AfterProcessingInitializeOnLoad (2ms)
				EditorAssembliesLoaded (0ms)
			ExecutionOrderSort2 (0ms)
			AwakeInstancesAfterBackupRestoration (4ms)
Platform modules already initialized, skipping
Refreshing native plugins compatible for Editor in 0.58 ms, found 2 plugins.
Preloading 0 native plugins for Editor in 0.00 ms.
Unloading 1704 Unused Serialized files (Serialized files now loaded: 0)
Unloading 12 unused Assets / (31.8 KB). Loaded Objects now: 2235.
Memory consumption went from 77.2 MB to 77.1 MB.
Total: 1.710600 ms (FindLiveObjects: 0.082100 ms CreateObjectMapping: 0.024900 ms MarkObjects: 1.591800 ms  DeleteObjects: 0.011200 ms)

AssetImportParameters requested are different than current active one (requested -> active):
  custom:video-decoder-ogg-theora: a1e56fd34408186e4bbccfd4996cb3dc -> 
  custom:container-muxer-webm: aa71ff27fc2769a1b78a27578f13a17b -> 
  custom:container-demuxer-webm: 4f35f7cbe854078d1ac9338744f61a02 -> 
  custom:video-encoder-webm-vp8: eb34c28f22e8b96e1ab97ce403110664 -> 
  custom:audio-encoder-webm-vorbis: bf7c407c2cedff20999df2af8eb42d56 -> 
  custom:framework-win-MediaFoundation: 216162199b28c13a410421893ffa2e32 -> 
  custom:container-demuxer-ogg: 62fdf1f143b41e24485cea50d1cbac27 -> 
  custom:video-decoder-webm-vp8: 9c59270c3fd7afecdb556c50c9e8de78 -> 
  custom:audio-decoder-ogg-vorbis: bf7c407c2cedff20999df2af8eb42d56 -> 
========================================================================
Received Prepare
Registering precompiled user dll's ...
Registered in 0.001177 seconds.
Begin MonoManager ReloadAssembly
Native extension for WindowsStandalone target not found
Native extension for Android target not found
Native extension for WebGL target not found
Refreshing native plugins compatible for Editor in 0.25 ms, found 2 plugins.
Preloading 0 native plugins for Editor in 0.00 ms.
Mono: successfully reloaded assembly
- Completed reload, in  0.546 seconds
Domain Reload Profiling:
	ReloadAssembly (546ms)
		BeginReloadAssembly (79ms)
			ExecutionOrderSort (0ms)
			DisableScriptedObjects (3ms)
			BackupInstance (0ms)
			ReleaseScriptingObjects (0ms)
			CreateAndSetChildDomain (18ms)
		EndReloadAssembly (412ms)
			LoadAssemblies (43ms)
			RebuildTransferFunctionScriptingTraits (0ms)
			SetupTypeCache (108ms)
			ReleaseScriptCaches (1ms)
			RebuildScriptCaches (31ms)
			SetupLoadedEditorAssemblies (202ms)
				LogAssemblyErrors (0ms)
				InitializePlatformSupportModulesInManaged (14ms)
				SetLoadedEditorAssemblies (0ms)
				RefreshPlugins (0ms)
				BeforeProcessingInitializeOnLoad (54ms)
				ProcessInitializeOnLoadAttributes (115ms)
				ProcessInitializeOnLoadMethodAttributes (17ms)
				AfterProcessingInitializeOnLoad (2ms)
				EditorAssembliesLoaded (0ms)
			ExecutionOrderSort2 (0ms)
			AwakeInstancesAfterBackupRestoration (4ms)
Platform modules already initialized, skipping
Refreshing native plugins compatible for Editor in 0.58 ms, found 2 plugins.
Preloading 0 native plugins for Editor in 0.00 ms.
Unloading 1704 Unused Serialized files (Serialized files now loaded: 0)
Unloading 12 unused Assets / (31.7 KB). Loaded Objects now: 2238.
Memory consumption went from 77.2 MB to 77.1 MB.
Total: 1.829900 ms (FindLiveObjects: 0.082000 ms CreateObjectMapping: 0.026600 ms MarkObjects: 1.703900 ms  DeleteObjects: 0.016400 ms)

AssetImportParameters requested are different than current active one (requested -> active):
  custom:video-decoder-ogg-theora: a1e56fd34408186e4bbccfd4996cb3dc -> 
  custom:container-muxer-webm: aa71ff27fc2769a1b78a27578f13a17b -> 
  custom:container-demuxer-webm: 4f35f7cbe854078d1ac9338744f61a02 -> 
  custom:video-encoder-webm-vp8: eb34c28f22e8b96e1ab97ce403110664 -> 
  custom:audio-encoder-webm-vorbis: bf7c407c2cedff20999df2af8eb42d56 -> 
  custom:framework-win-MediaFoundation: 216162199b28c13a410421893ffa2e32 -> 
  custom:container-demuxer-ogg: 62fdf1f143b41e24485cea50d1cbac27 -> 
  custom:video-decoder-webm-vp8: 9c59270c3fd7afecdb556c50c9e8de78 -> 
  custom:audio-decoder-ogg-vorbis: bf7c407c2cedff20999df2af8eb42d56 -> 
========================================================================
Received Prepare
Registering precompiled user dll's ...
Registered in 0.001099 seconds.
Begin MonoManager ReloadAssembly
Native extension for WindowsStandalone target not found
Native extension for Android target not found
Native extension for WebGL target not found
Refreshing native plugins compatible for Editor in 0.20 ms, found 2 plugins.
Preloading 0 native plugins for Editor in 0.00 ms.
Mono: successfully reloaded assembly
- Completed reload, in  0.533 seconds
Domain Reload Profiling:
	ReloadAssembly (534ms)
		BeginReloadAssembly (75ms)
			ExecutionOrderSort (0ms)
			DisableScriptedObjects (3ms)
			BackupInstance (0ms)
			ReleaseScriptingObjects (0ms)
			CreateAndSetChildDomain (18ms)
		EndReloadAssembly (403ms)
			LoadAssemblies (44ms)
			RebuildTransferFunctionScriptingTraits (0ms)
			SetupTypeCache (103ms)
			ReleaseScriptCaches (1ms)
			RebuildScriptCaches (23ms)
			SetupLoadedEditorAssemblies (212ms)
				LogAssemblyErrors (0ms)
				InitializePlatformSupportModulesInManaged (13ms)
				SetLoadedEditorAssemblies (0ms)
				RefreshPlugins (0ms)
				BeforeProcessingInitializeOnLoad (56ms)
				ProcessInitializeOnLoadAttributes (123ms)
				ProcessInitializeOnLoadMethodAttributes (17ms)
				AfterProcessingInitializeOnLoad (2ms)
				EditorAssembliesLoaded (0ms)
			ExecutionOrderSort2 (0ms)
			AwakeInstancesAfterBackupRestoration (4ms)
Platform modules already initialized, skipping
Refreshing native plugins compatible for Editor in 0.54 ms, found 2 plugins.
Preloading 0 native plugins for Editor in 0.00 ms.
Unloading 1704 Unused Serialized files (Serialized files now loaded: 0)
Unloading 12 unused Assets / (31.7 KB). Loaded Objects now: 2241.
Memory consumption went from 77.2 MB to 77.2 MB.
Total: 1.751800 ms (FindLiveObjects: 0.092400 ms CreateObjectMapping: 0.035100 ms MarkObjects: 1.611800 ms  DeleteObjects: 0.011600 ms)

AssetImportParameters requested are different than current active one (requested -> active):
  custom:video-decoder-ogg-theora: a1e56fd34408186e4bbccfd4996cb3dc -> 
  custom:container-muxer-webm: aa71ff27fc2769a1b78a27578f13a17b -> 
  custom:container-demuxer-webm: 4f35f7cbe854078d1ac9338744f61a02 -> 
  custom:video-encoder-webm-vp8: eb34c28f22e8b96e1ab97ce403110664 -> 
  custom:audio-encoder-webm-vorbis: bf7c407c2cedff20999df2af8eb42d56 -> 
  custom:framework-win-MediaFoundation: 216162199b28c13a410421893ffa2e32 -> 
  custom:container-demuxer-ogg: 62fdf1f143b41e24485cea50d1cbac27 -> 
  custom:video-decoder-webm-vp8: 9c59270c3fd7afecdb556c50c9e8de78 -> 
  custom:audio-decoder-ogg-vorbis: bf7c407c2cedff20999df2af8eb42d56 -> 
========================================================================
Received Prepare
Registering precompiled user dll's ...
Registered in 0.001768 seconds.
Begin MonoManager ReloadAssembly
Native extension for WindowsStandalone target not found
Native extension for Android target not found
Native extension for WebGL target not found
Refreshing native plugins compatible for Editor in 0.23 ms, found 2 plugins.
Preloading 0 native plugins for Editor in 0.00 ms.
Mono: successfully reloaded assembly
- Completed reload, in  0.521 seconds
Domain Reload Profiling:
	ReloadAssembly (522ms)
		BeginReloadAssembly (71ms)
			ExecutionOrderSort (0ms)
			DisableScriptedObjects (3ms)
			BackupInstance (0ms)
			ReleaseScriptingObjects (0ms)
			CreateAndSetChildDomain (17ms)
		EndReloadAssembly (396ms)
			LoadAssemblies (41ms)
			RebuildTransferFunctionScriptingTraits (0ms)
			SetupTypeCache (105ms)
			ReleaseScriptCaches (1ms)
			RebuildScriptCaches (25ms)
			SetupLoadedEditorAssemblies (202ms)
				LogAssemblyErrors (0ms)
				InitializePlatformSupportModulesInManaged (13ms)
				SetLoadedEditorAssemblies (0ms)
				RefreshPlugins (0ms)
				BeforeProcessingInitializeOnLoad (52ms)
				ProcessInitializeOnLoadAttributes (117ms)
				ProcessInitializeOnLoadMethodAttributes (18ms)
				AfterProcessingInitializeOnLoad (2ms)
				EditorAssembliesLoaded (0ms)
			ExecutionOrderSort2 (0ms)
			AwakeInstancesAfterBackupRestoration (4ms)
Platform modules already initialized, skipping
Refreshing native plugins compatible for Editor in 0.58 ms, found 2 plugins.
Preloading 0 native plugins for Editor in 0.00 ms.
Unloading 1704 Unused Serialized files (Serialized files now loaded: 0)
Unloading 12 unused Assets / (31.8 KB). Loaded Objects now: 2244.
Memory consumption went from 77.2 MB to 77.2 MB.
Total: 1.825900 ms (FindLiveObjects: 0.125500 ms CreateObjectMapping: 0.040600 ms MarkObjects: 1.645400 ms  DeleteObjects: 0.013100 ms)

AssetImportParameters requested are different than current active one (requested -> active):
  custom:video-decoder-ogg-theora: a1e56fd34408186e4bbccfd4996cb3dc -> 
  custom:container-muxer-webm: aa71ff27fc2769a1b78a27578f13a17b -> 
  custom:container-demuxer-webm: 4f35f7cbe854078d1ac9338744f61a02 -> 
  custom:video-encoder-webm-vp8: eb34c28f22e8b96e1ab97ce403110664 -> 
  custom:audio-encoder-webm-vorbis: bf7c407c2cedff20999df2af8eb42d56 -> 
  custom:framework-win-MediaFoundation: 216162199b28c13a410421893ffa2e32 -> 
  custom:container-demuxer-ogg: 62fdf1f143b41e24485cea50d1cbac27 -> 
  custom:video-decoder-webm-vp8: 9c59270c3fd7afecdb556c50c9e8de78 -> 
  custom:audio-decoder-ogg-vorbis: bf7c407c2cedff20999df2af8eb42d56 -> 
========================================================================
Received Import Request.
  Time since last request: 2842.238122 seconds.
  path: Assets/sprite/Knob.png
  artifactKey: Guid(09c655b17157f2948b17f4f5e4f7f5b1) Importer(815301076,1909f56bfc062723c751e8b465ee728b)
Start importing Assets/sprite/Knob.png using Guid(09c655b17157f2948b17f4f5e4f7f5b1) Importer(815301076,1909f56bfc062723c751e8b465ee728b)  -> (artifact id: '1511351ed48ea5f5bb3cda478095cec8') in 0.080966 seconds 
========================================================================
Received Import Request.
  Time since last request: 0.000022 seconds.
  path: Assets/sprite/威胁_7.png
  artifactKey: Guid(2c0b71f65fe1bfe42b347cea413c50bb) Importer(815301076,1909f56bfc062723c751e8b465ee728b)
Start importing Assets/sprite/威胁_7.png using Guid(2c0b71f65fe1bfe42b347cea413c50bb) Importer(815301076,1909f56bfc062723c751e8b465ee728b)  -> (artifact id: 'b7e22a281065858d707e218651211050') in 0.012185 seconds 
========================================================================
Received Import Request.
  Time since last request: 0.000022 seconds.
  path: Assets/sprite/大科技图_10.png
  artifactKey: Guid(0f23b2e209575774795a831fbc50dd3d) Importer(815301076,1909f56bfc062723c751e8b465ee728b)
Start importing Assets/sprite/大科技图_10.png using Guid(0f23b2e209575774795a831fbc50dd3d) Importer(815301076,1909f56bfc062723c751e8b465ee728b)  -> (artifact id: '8810aee5261c47d64dadafadc107a7df') in 0.011811 seconds 
========================================================================
Received Import Request.
  Time since last request: 0.000018 seconds.
  path: Assets/sprite/主菜单2_2.png
  artifactKey: Guid(662a4465831cb2942bad244dc055157b) Importer(815301076,1909f56bfc062723c751e8b465ee728b)
Start importing Assets/sprite/主菜单2_2.png using Guid(662a4465831cb2942bad244dc055157b) Importer(815301076,1909f56bfc062723c751e8b465ee728b)  -> (artifact id: '8fcf0dafb255978976fa21011c50c922') in 0.013249 seconds 
========================================================================
Received Import Request.
  Time since last request: 0.000019 seconds.
  path: Assets/sprite/奇观_2.png
  artifactKey: Guid(0e06038b91b24764893fc895011b0186) Importer(815301076,1909f56bfc062723c751e8b465ee728b)
Start importing Assets/sprite/奇观_2.png using Guid(0e06038b91b24764893fc895011b0186) Importer(815301076,1909f56bfc062723c751e8b465ee728b)  -> (artifact id: 'aa9304c8c17cdc3db1e5bbec9d58eda3') in 0.014375 seconds 
========================================================================
Received Import Request.
  Time since last request: 0.000019 seconds.
  path: Assets/sprite/基础buff_9.png
  artifactKey: Guid(266e2a3199c44df448c76ff37e0f2473) Importer(815301076,1909f56bfc062723c751e8b465ee728b)
Start importing Assets/sprite/基础buff_9.png using Guid(266e2a3199c44df448c76ff37e0f2473) Importer(815301076,1909f56bfc062723c751e8b465ee728b)  -> (artifact id: '83685809bff8f913fc4867ebe29189c4') in 0.015999 seconds 
========================================================================
Received Import Request.
  Time since last request: 0.000015 seconds.
  path: Assets/sprite/奇观_12.png
  artifactKey: Guid(bf0c82f713624b34faaea57ab947971f) Importer(815301076,1909f56bfc062723c751e8b465ee728b)
Start importing Assets/sprite/奇观_12.png using Guid(bf0c82f713624b34faaea57ab947971f) Importer(815301076,1909f56bfc062723c751e8b465ee728b)  -> (artifact id: '0852b2f7e9ef4df93ae7cb9145ae2d5b') in 0.013345 seconds 
========================================================================
Received Import Request.
  Time since last request: 0.000017 seconds.
  path: Assets/sprite/大科技图_16.png
  artifactKey: Guid(833f8702f497daa4d8c2212cbb23ad7d) Importer(815301076,1909f56bfc062723c751e8b465ee728b)
Start importing Assets/sprite/大科技图_16.png using Guid(833f8702f497daa4d8c2212cbb23ad7d) Importer(815301076,1909f56bfc062723c751e8b465ee728b)  -> (artifact id: 'b959a281590ef72d6b3f5b8fa7e91c4b') in 0.015775 seconds 
========================================================================
Received Import Request.
  Time since last request: 0.000015 seconds.
  path: Assets/sprite/合成小游戏.png
  artifactKey: Guid(75b370e416a2bc74ab3325a1b777547e) Importer(815301076,1909f56bfc062723c751e8b465ee728b)
Start importing Assets/sprite/合成小游戏.png using Guid(75b370e416a2bc74ab3325a1b777547e) Importer(815301076,1909f56bfc062723c751e8b465ee728b)  -> (artifact id: 'b5d0e1fe40444f68c84dd1447bf51006') in 0.014210 seconds 
========================================================================
Received Import Request.
  Time since last request: 0.000017 seconds.
  path: Assets/sprite/大科技图_40.png
  artifactKey: Guid(466dd366f05e66641b932d60c7ff853f) Importer(815301076,1909f56bfc062723c751e8b465ee728b)
Start importing Assets/sprite/大科技图_40.png using Guid(466dd366f05e66641b932d60c7ff853f) Importer(815301076,1909f56bfc062723c751e8b465ee728b)  -> (artifact id: '8492c59112fa12a021084a898edb182d') in 0.017535 seconds 
========================================================================
Received Import Request.
  Time since last request: 0.000018 seconds.
  path: Assets/sprite/基础buff_2.png
  artifactKey: Guid(d6bab4c9c0e687b46aaa57a663004e84) Importer(815301076,1909f56bfc062723c751e8b465ee728b)
Start importing Assets/sprite/基础buff_2.png using Guid(d6bab4c9c0e687b46aaa57a663004e84) Importer(815301076,1909f56bfc062723c751e8b465ee728b)  -> (artifact id: '833007b4cc48a726dfd333e9e8f451d1') in 0.012540 seconds 
========================================================================
Received Import Request.
  Time since last request: 0.000015 seconds.
  path: Assets/sprite/主菜单2_4.png
  artifactKey: Guid(fec98d855d64df84bbfe3f7b3f4316ac) Importer(815301076,1909f56bfc062723c751e8b465ee728b)
Start importing Assets/sprite/主菜单2_4.png using Guid(fec98d855d64df84bbfe3f7b3f4316ac) Importer(815301076,1909f56bfc062723c751e8b465ee728b)  -> (artifact id: 'acc35808517cf3991b920e0f4bd73950') in 0.014344 seconds 
========================================================================
Received Import Request.
  Time since last request: 0.000014 seconds.
  path: Assets/sprite/主菜单2_19.png
  artifactKey: Guid(8c7e2414c2c0e7a439db827aefeece39) Importer(815301076,1909f56bfc062723c751e8b465ee728b)
Start importing Assets/sprite/主菜单2_19.png using Guid(8c7e2414c2c0e7a439db827aefeece39) Importer(815301076,1909f56bfc062723c751e8b465ee728b)  -> (artifact id: '190747d71b424cc2701c166355fcee3f') in 0.014034 seconds 
========================================================================
Received Import Request.
  Time since last request: 0.000015 seconds.
  path: Assets/sprite/大陆_1.png
  artifactKey: Guid(1f5182e7330f17e499a704c1bb017287) Importer(815301076,1909f56bfc062723c751e8b465ee728b)
Start importing Assets/sprite/大陆_1.png using Guid(1f5182e7330f17e499a704c1bb017287) Importer(815301076,1909f56bfc062723c751e8b465ee728b)  -> (artifact id: '7be9119f6341ee7b91cdd94c1d1dbe4d') in 0.013812 seconds 
========================================================================
Received Import Request.
  Time since last request: 0.000012 seconds.
  path: Assets/sprite/主菜单2_1.png
  artifactKey: Guid(b2ced9d289cf30947aa72d1e65ff968c) Importer(815301076,1909f56bfc062723c751e8b465ee728b)
Start importing Assets/sprite/主菜单2_1.png using Guid(b2ced9d289cf30947aa72d1e65ff968c) Importer(815301076,1909f56bfc062723c751e8b465ee728b)  -> (artifact id: 'c0fb3aed9d8fdd814a5d518be69e5fff') in 0.015139 seconds 
========================================================================
Received Import Request.
  Time since last request: 0.000021 seconds.
  path: Assets/sprite/居民_4.png
  artifactKey: Guid(95e3964c571aa78488c9fe0b5766c53f) Importer(815301076,1909f56bfc062723c751e8b465ee728b)
Start importing Assets/sprite/居民_4.png using Guid(95e3964c571aa78488c9fe0b5766c53f) Importer(815301076,1909f56bfc062723c751e8b465ee728b)  -> (artifact id: 'dad83b4afca293f2d63e9cea8f5abdcd') in 0.011311 seconds 
========================================================================
Received Import Request.
  Time since last request: 0.000023 seconds.
  path: Assets/sprite/奇观_15.png
  artifactKey: Guid(189e1bae4343a474dae5111d2b3861d5) Importer(815301076,1909f56bfc062723c751e8b465ee728b)
Start importing Assets/sprite/奇观_15.png using Guid(189e1bae4343a474dae5111d2b3861d5) Importer(815301076,1909f56bfc062723c751e8b465ee728b)  -> (artifact id: '3c948f892279cf0ebc0027bfa4b3b157') in 0.011566 seconds 
========================================================================
Received Import Request.
  Time since last request: 0.000014 seconds.
  path: Assets/sprite/主菜单1_5.png
  artifactKey: Guid(aeb53b736a711cd4da450ff08e4536f8) Importer(815301076,1909f56bfc062723c751e8b465ee728b)
Start importing Assets/sprite/主菜单1_5.png using Guid(aeb53b736a711cd4da450ff08e4536f8) Importer(815301076,1909f56bfc062723c751e8b465ee728b)  -> (artifact id: '0e64b104f6ac1b978cd8612597db3974') in 0.012382 seconds 
========================================================================
Received Import Request.
  Time since last request: 0.000016 seconds.
  path: Assets/sprite/大科技图_7.png
  artifactKey: Guid(a13c35d19ce49624ab31989fd75024e8) Importer(815301076,1909f56bfc062723c751e8b465ee728b)
Start importing Assets/sprite/大科技图_7.png using Guid(a13c35d19ce49624ab31989fd75024e8) Importer(815301076,1909f56bfc062723c751e8b465ee728b)  -> (artifact id: '0a7bedef8a81c1b3889ace97abc385e2') in 0.012420 seconds 
========================================================================
Received Import Request.
  Time since last request: 0.000013 seconds.
  path: Assets/sprite/主菜单1_3.png
  artifactKey: Guid(6008c95104d60fe42a795949c98cdac1) Importer(815301076,1909f56bfc062723c751e8b465ee728b)
Start importing Assets/sprite/主菜单1_3.png using Guid(6008c95104d60fe42a795949c98cdac1) Importer(815301076,1909f56bfc062723c751e8b465ee728b)  -> (artifact id: '4061ee4cb5ed886480eefc89feae0a93') in 0.020567 seconds 
========================================================================
Received Import Request.
  Time since last request: 0.000022 seconds.
  path: Assets/sprite/大科技图_26.png
  artifactKey: Guid(12f9c9ba38b8b37489f209252d66b25b) Importer(815301076,1909f56bfc062723c751e8b465ee728b)
Start importing Assets/sprite/大科技图_26.png using Guid(12f9c9ba38b8b37489f209252d66b25b) Importer(815301076,1909f56bfc062723c751e8b465ee728b)  -> (artifact id: '0e9cbdcdd9b5ad2e3a323649e941b06a') in 0.010287 seconds 
========================================================================
Received Import Request.
  Time since last request: 0.000019 seconds.
  path: Assets/sprite/奇观_11.png
  artifactKey: Guid(b8fefe9ef0b31064997971c169c52fac) Importer(815301076,1909f56bfc062723c751e8b465ee728b)
Start importing Assets/sprite/奇观_11.png using Guid(b8fefe9ef0b31064997971c169c52fac) Importer(815301076,1909f56bfc062723c751e8b465ee728b)  -> (artifact id: '790d810772c49ad058d2ba2c9c63f57a') in 0.010911 seconds 
========================================================================
Received Import Request.
  Time since last request: 0.000022 seconds.
  path: Assets/sprite/大科技图_35.png
  artifactKey: Guid(a7fded77dcf68d746bc740036995c4f1) Importer(815301076,1909f56bfc062723c751e8b465ee728b)
Start importing Assets/sprite/大科技图_35.png using Guid(a7fded77dcf68d746bc740036995c4f1) Importer(815301076,1909f56bfc062723c751e8b465ee728b)  -> (artifact id: 'f8e02273b59144bbea6cc438e42b9be9') in 0.012060 seconds 
========================================================================
Received Import Request.
  Time since last request: 0.000019 seconds.
  path: Assets/sprite/大科技图_2.png
  artifactKey: Guid(8c923b58cc1387a428f3c0db97405579) Importer(815301076,1909f56bfc062723c751e8b465ee728b)
Start importing Assets/sprite/大科技图_2.png using Guid(8c923b58cc1387a428f3c0db97405579) Importer(815301076,1909f56bfc062723c751e8b465ee728b)  -> (artifact id: 'e09b08c0774d8f5c8386f3baa0f946b3') in 0.012396 seconds 
========================================================================
Received Import Request.
  Time since last request: 0.000011 seconds.
  path: Assets/sprite/基础buff_10.png
  artifactKey: Guid(3fd96d8600d450f45bc6e16c2ee71813) Importer(815301076,1909f56bfc062723c751e8b465ee728b)
Start importing Assets/sprite/基础buff_10.png using Guid(3fd96d8600d450f45bc6e16c2ee71813) Importer(815301076,1909f56bfc062723c751e8b465ee728b)  -> (artifact id: '0ec93dfbbb37244b8246e83d3d6eb16f') in 0.012507 seconds 
========================================================================
Received Import Request.
  Time since last request: 0.000019 seconds.
  path: Assets/sprite/大陆_2.png
  artifactKey: Guid(9964dde92c64834479fd733e3acb6ae7) Importer(815301076,1909f56bfc062723c751e8b465ee728b)
Start importing Assets/sprite/大陆_2.png using Guid(9964dde92c64834479fd733e3acb6ae7) Importer(815301076,1909f56bfc062723c751e8b465ee728b)  -> (artifact id: '1f64e7cfdbc5518c62a8fcd6488fafbf') in 0.011752 seconds 
========================================================================
Received Import Request.
  Time since last request: 0.000019 seconds.
  path: Assets/sprite/基础buff_14.png
  artifactKey: Guid(da5f472ae9a32bd4f82c6a9b7c0d16f0) Importer(815301076,1909f56bfc062723c751e8b465ee728b)
Start importing Assets/sprite/基础buff_14.png using Guid(da5f472ae9a32bd4f82c6a9b7c0d16f0) Importer(815301076,1909f56bfc062723c751e8b465ee728b)  -> (artifact id: 'fa98f315383867cccf92a133ea40a732') in 0.009570 seconds 
========================================================================
Received Import Request.
  Time since last request: 0.000019 seconds.
  path: Assets/sprite/大科技图_24.png
  artifactKey: Guid(6b47ca7c042e9bb4f80a137e3c45f2d7) Importer(815301076,1909f56bfc062723c751e8b465ee728b)
Start importing Assets/sprite/大科技图_24.png using Guid(6b47ca7c042e9bb4f80a137e3c45f2d7) Importer(815301076,1909f56bfc062723c751e8b465ee728b)  -> (artifact id: '3f6f95082717c4d501d727db8278d6f2') in 0.011751 seconds 
========================================================================
Received Import Request.
  Time since last request: 0.000015 seconds.
  path: Assets/sprite/威胁_8.png
  artifactKey: Guid(25bc89f859b70ea46badb0aa98c2ed67) Importer(815301076,1909f56bfc062723c751e8b465ee728b)
Start importing Assets/sprite/威胁_8.png using Guid(25bc89f859b70ea46badb0aa98c2ed67) Importer(815301076,1909f56bfc062723c751e8b465ee728b)  -> (artifact id: '93089d6bcaa7924d128e40a63e638241') in 0.010889 seconds 
========================================================================
Received Import Request.
  Time since last request: 0.000021 seconds.
  path: Assets/sprite/居民_1.png
  artifactKey: Guid(9d00137c9258dc6499ad257ab8c833b3) Importer(815301076,1909f56bfc062723c751e8b465ee728b)
Start importing Assets/sprite/居民_1.png using Guid(9d00137c9258dc6499ad257ab8c833b3) Importer(815301076,1909f56bfc062723c751e8b465ee728b)  -> (artifact id: '4d8534f2a02b288b8a97e91904e02550') in 0.011914 seconds 
========================================================================
Received Import Request.
  Time since last request: 0.000013 seconds.
  path: Assets/sprite/主菜单2_15.png
  artifactKey: Guid(d8f94ccde2602df4c8ac1bb72396ac4c) Importer(815301076,1909f56bfc062723c751e8b465ee728b)
Start importing Assets/sprite/主菜单2_15.png using Guid(d8f94ccde2602df4c8ac1bb72396ac4c) Importer(815301076,1909f56bfc062723c751e8b465ee728b)  -> (artifact id: 'a15de7f6a8b7b57dda246885b8832454') in 0.011008 seconds 
========================================================================
Received Import Request.
  Time since last request: 0.000016 seconds.
  path: Assets/sprite/威胁_15.png
  artifactKey: Guid(1f35fe1b462ebf44b8c820ec2bed2b67) Importer(815301076,1909f56bfc062723c751e8b465ee728b)
Start importing Assets/sprite/威胁_15.png using Guid(1f35fe1b462ebf44b8c820ec2bed2b67) Importer(815301076,1909f56bfc062723c751e8b465ee728b)  -> (artifact id: 'f10a83e674b816c888f7a5b3c0016806') in 0.011345 seconds 
========================================================================
Received Import Request.
  Time since last request: 0.000025 seconds.
  path: Assets/sprite/奇观_4.png
  artifactKey: Guid(6d9840e5e59701d40adf376d8bb576d3) Importer(815301076,1909f56bfc062723c751e8b465ee728b)
Start importing Assets/sprite/奇观_4.png using Guid(6d9840e5e59701d40adf376d8bb576d3) Importer(815301076,1909f56bfc062723c751e8b465ee728b)  -> (artifact id: '1332ab36843bd94fb9123ac39e1220b1') in 0.011407 seconds 
========================================================================
Received Import Request.
  Time since last request: 0.000020 seconds.
  path: Assets/sprite/大科技图_11.png
  artifactKey: Guid(5f1b8f9f074c3dd45bc7a7950b3228c1) Importer(815301076,1909f56bfc062723c751e8b465ee728b)
Start importing Assets/sprite/大科技图_11.png using Guid(5f1b8f9f074c3dd45bc7a7950b3228c1) Importer(815301076,1909f56bfc062723c751e8b465ee728b)  -> (artifact id: '9156457fcbb8802f0c61ae25043c306f') in 0.011384 seconds 
========================================================================
Received Import Request.
  Time since last request: 0.000018 seconds.
  path: Assets/sprite/大科技图_30.png
  artifactKey: Guid(6ef55f223f76a7c47bd9cbfd97e34ee0) Importer(815301076,1909f56bfc062723c751e8b465ee728b)
Start importing Assets/sprite/大科技图_30.png using Guid(6ef55f223f76a7c47bd9cbfd97e34ee0) Importer(815301076,1909f56bfc062723c751e8b465ee728b)  -> (artifact id: '7f00175d78072b333ce034ccc217e90e') in 0.009745 seconds 
========================================================================
Received Import Request.
  Time since last request: 0.000015 seconds.
  path: Assets/sprite/大科技图_36.png
  artifactKey: Guid(7da02b5dbb4df444ea39d8f6ddc80935) Importer(815301076,1909f56bfc062723c751e8b465ee728b)
Start importing Assets/sprite/大科技图_36.png using Guid(7da02b5dbb4df444ea39d8f6ddc80935) Importer(815301076,1909f56bfc062723c751e8b465ee728b)  -> (artifact id: 'aeae1817ab4302211da0829fb0e4700a') in 0.010812 seconds 
========================================================================
Received Import Request.
  Time since last request: 0.000020 seconds.
  path: Assets/sprite/大科技图_20.png
  artifactKey: Guid(363fefe8a409e1c4aadbcb62ab41f39e) Importer(815301076,1909f56bfc062723c751e8b465ee728b)
Start importing Assets/sprite/大科技图_20.png using Guid(363fefe8a409e1c4aadbcb62ab41f39e) Importer(815301076,1909f56bfc062723c751e8b465ee728b)  -> (artifact id: '02e22c6b4951a7abc9f4181fa1bdf2cf') in 0.010662 seconds 
========================================================================
Received Import Request.
  Time since last request: 0.000015 seconds.
  path: Assets/sprite/居民_5.png
  artifactKey: Guid(1f2fa1d09049b76488ffbc48ef1c2573) Importer(815301076,1909f56bfc062723c751e8b465ee728b)
Start importing Assets/sprite/居民_5.png using Guid(1f2fa1d09049b76488ffbc48ef1c2573) Importer(815301076,1909f56bfc062723c751e8b465ee728b)  -> (artifact id: '1ba2a1787f3dbbbd489fad3fad41b1f3') in 0.010333 seconds 
========================================================================
Received Import Request.
  Time since last request: 0.000017 seconds.
  path: Assets/sprite/大科技图_9.png
  artifactKey: Guid(b01815680bd7b5444b602d8704ec5b11) Importer(815301076,1909f56bfc062723c751e8b465ee728b)
Start importing Assets/sprite/大科技图_9.png using Guid(b01815680bd7b5444b602d8704ec5b11) Importer(815301076,1909f56bfc062723c751e8b465ee728b)  -> (artifact id: 'ca2e3af0d90ea7b64fcdb0bc87b67928') in 0.011437 seconds 
========================================================================
Received Import Request.
  Time since last request: 0.000017 seconds.
  path: Assets/sprite/奇观_13.png
  artifactKey: Guid(1a76f825257faa64285b83991292d328) Importer(815301076,1909f56bfc062723c751e8b465ee728b)
Start importing Assets/sprite/奇观_13.png using Guid(1a76f825257faa64285b83991292d328) Importer(815301076,1909f56bfc062723c751e8b465ee728b)  -> (artifact id: '5577292f69485980a6806adc21782aec') in 0.010566 seconds 
========================================================================
Received Import Request.
  Time since last request: 0.000015 seconds.
  path: Assets/sprite/光圈.png
  artifactKey: Guid(3070ff3e4998ec540a21c9cd45a191b7) Importer(815301076,1909f56bfc062723c751e8b465ee728b)
Start importing Assets/sprite/光圈.png using Guid(3070ff3e4998ec540a21c9cd45a191b7) Importer(815301076,1909f56bfc062723c751e8b465ee728b)  -> (artifact id: 'd830ae89be14cd4364ebde7086517f17') in 0.010112 seconds 
========================================================================
Received Import Request.
  Time since last request: 0.000020 seconds.
  path: Assets/sprite/奇观_6.png
  artifactKey: Guid(6c74ce2707b28e342a4ede3a0766ecba) Importer(815301076,1909f56bfc062723c751e8b465ee728b)
Start importing Assets/sprite/奇观_6.png using Guid(6c74ce2707b28e342a4ede3a0766ecba) Importer(815301076,1909f56bfc062723c751e8b465ee728b)  -> (artifact id: '6c029d182c9ac8256e1cd32147a36785') in 0.010284 seconds 
========================================================================
Received Import Request.
  Time since last request: 0.000016 seconds.
  path: Assets/sprite/威胁_2.png
  artifactKey: Guid(2ceb4edd4c2966041932d3f4756e7068) Importer(815301076,1909f56bfc062723c751e8b465ee728b)
Start importing Assets/sprite/威胁_2.png using Guid(2ceb4edd4c2966041932d3f4756e7068) Importer(815301076,1909f56bfc062723c751e8b465ee728b)  -> (artifact id: '6ecf79d26e97104d87defe5a66e4c19e') in 0.010548 seconds 
========================================================================
Received Import Request.
  Time since last request: 0.000015 seconds.
  path: Assets/sprite/大科技图_22.png
  artifactKey: Guid(94b3d54603caf4c43863d41d12eb8839) Importer(815301076,1909f56bfc062723c751e8b465ee728b)
Start importing Assets/sprite/大科技图_22.png using Guid(94b3d54603caf4c43863d41d12eb8839) Importer(815301076,1909f56bfc062723c751e8b465ee728b)  -> (artifact id: 'c6de0b222ac5100550ea99fd6cc7e2b3') in 0.010520 seconds 
========================================================================
Received Import Request.
  Time since last request: 0.000019 seconds.
  path: Assets/sprite/壁画_3.png
  artifactKey: Guid(85729adc99047fc40b0f6963e67af3d8) Importer(815301076,1909f56bfc062723c751e8b465ee728b)
Start importing Assets/sprite/壁画_3.png using Guid(85729adc99047fc40b0f6963e67af3d8) Importer(815301076,1909f56bfc062723c751e8b465ee728b)  -> (artifact id: 'a811bf4e90f7415d3545e90650cb0a17') in 0.011569 seconds 
========================================================================
Received Import Request.
  Time since last request: 0.000024 seconds.
  path: Assets/sprite/大科技图_32.png
  artifactKey: Guid(81fb079a7604ccb4c8ec8c01067e4fa8) Importer(815301076,1909f56bfc062723c751e8b465ee728b)
Start importing Assets/sprite/大科技图_32.png using Guid(81fb079a7604ccb4c8ec8c01067e4fa8) Importer(815301076,1909f56bfc062723c751e8b465ee728b)  -> (artifact id: '8b98a3e57018178380741ea04a24b2d1') in 0.011001 seconds 
========================================================================
Received Import Request.
  Time since last request: 0.000018 seconds.
  path: Assets/sprite/主菜单2_23.png
  artifactKey: Guid(fac93e614260e5240aa3df0e16ea7800) Importer(815301076,1909f56bfc062723c751e8b465ee728b)
Start importing Assets/sprite/主菜单2_23.png using Guid(fac93e614260e5240aa3df0e16ea7800) Importer(815301076,1909f56bfc062723c751e8b465ee728b)  -> (artifact id: '1899aed90d15157012563bd7cb28c004') in 0.009947 seconds 
========================================================================
Received Import Request.
  Time since last request: 0.000015 seconds.
  path: Assets/sprite/基础buff_4.png
  artifactKey: Guid(88dd1cba12a8e664ea43357dc33b024c) Importer(815301076,1909f56bfc062723c751e8b465ee728b)
Start importing Assets/sprite/基础buff_4.png using Guid(88dd1cba12a8e664ea43357dc33b024c) Importer(815301076,1909f56bfc062723c751e8b465ee728b)  -> (artifact id: '47cf23a412996e1e9dafc55af37af5ea') in 0.011100 seconds 
========================================================================
Received Import Request.
  Time since last request: 0.000022 seconds.
  path: Assets/sprite/大科技图_5.png
  artifactKey: Guid(adf5954c7c876d14386e871bf7e380b9) Importer(815301076,1909f56bfc062723c751e8b465ee728b)
Start importing Assets/sprite/大科技图_5.png using Guid(adf5954c7c876d14386e871bf7e380b9) Importer(815301076,1909f56bfc062723c751e8b465ee728b)  -> (artifact id: 'd72e7638ddd0d41efa0d7589507211bd') in 0.010866 seconds 
========================================================================
Received Import Request.
  Time since last request: 0.000028 seconds.
  path: Assets/sprite/大科技图_27.png
  artifactKey: Guid(acf7e9c6e02a6b846ad6b9457051fb71) Importer(815301076,1909f56bfc062723c751e8b465ee728b)
Start importing Assets/sprite/大科技图_27.png using Guid(acf7e9c6e02a6b846ad6b9457051fb71) Importer(815301076,1909f56bfc062723c751e8b465ee728b)  -> (artifact id: '04f6c0b445111715dc7a0299830f7846') in 0.009529 seconds 
========================================================================
Received Import Request.
  Time since last request: 0.000017 seconds.
  path: Assets/sprite/主菜单2_21.png
  artifactKey: Guid(6207381cbd9be6244a8e253bba971460) Importer(815301076,1909f56bfc062723c751e8b465ee728b)
Start importing Assets/sprite/主菜单2_21.png using Guid(6207381cbd9be6244a8e253bba971460) Importer(815301076,1909f56bfc062723c751e8b465ee728b)  -> (artifact id: '42ddc1ee45851373af20a5c6609931f8') in 0.009199 seconds 
========================================================================
Received Import Request.
  Time since last request: 0.000013 seconds.
  path: Assets/sprite/大科技图_33.png
  artifactKey: Guid(2f27e41df2bc01b4cacfc5b17e5b223d) Importer(815301076,1909f56bfc062723c751e8b465ee728b)
Start importing Assets/sprite/大科技图_33.png using Guid(2f27e41df2bc01b4cacfc5b17e5b223d) Importer(815301076,1909f56bfc062723c751e8b465ee728b)  -> (artifact id: '06350721ea1abdaa7fd048080a6ac350') in 0.011133 seconds 
========================================================================
Received Import Request.
  Time since last request: 0.000018 seconds.
  path: Assets/sprite/奇观_7.png
  artifactKey: Guid(c598eae69135f5e4b989e390b4a67b7c) Importer(815301076,1909f56bfc062723c751e8b465ee728b)
Start importing Assets/sprite/奇观_7.png using Guid(c598eae69135f5e4b989e390b4a67b7c) Importer(815301076,1909f56bfc062723c751e8b465ee728b)  -> (artifact id: '9ed91da482b3045f60611fceeb4d46dc') in 0.009931 seconds 
========================================================================
Received Import Request.
  Time since last request: 0.000014 seconds.
  path: Assets/sprite/大科技图_6.png
  artifactKey: Guid(266ded0f3e7c50d4fb27f5ca788b9b85) Importer(815301076,1909f56bfc062723c751e8b465ee728b)
Start importing Assets/sprite/大科技图_6.png using Guid(266ded0f3e7c50d4fb27f5ca788b9b85) Importer(815301076,1909f56bfc062723c751e8b465ee728b)  -> (artifact id: 'd49a09180f6cbd9491c055d056c5c3af') in 0.009315 seconds 
========================================================================
Received Import Request.
  Time since last request: 0.000014 seconds.
  path: Assets/sprite/主菜单2_20.png
  artifactKey: Guid(330528f9ea7dfd8428dd87303e01dcfe) Importer(815301076,1909f56bfc062723c751e8b465ee728b)
Start importing Assets/sprite/主菜单2_20.png using Guid(330528f9ea7dfd8428dd87303e01dcfe) Importer(815301076,1909f56bfc062723c751e8b465ee728b)  -> (artifact id: '2dd9a7fc900f9d4881c43be280195d44') in 0.009131 seconds 
========================================================================
Received Import Request.
  Time since last request: 0.000014 seconds.
  path: Assets/sprite/基础buff_12.png
  artifactKey: Guid(de2df11ad61342649a2184ccd9464686) Importer(815301076,1909f56bfc062723c751e8b465ee728b)
Start importing Assets/sprite/基础buff_12.png using Guid(de2df11ad61342649a2184ccd9464686) Importer(815301076,1909f56bfc062723c751e8b465ee728b)  -> (artifact id: '848da7cdd4199bb7e9a9b142b42d0d79') in 0.009300 seconds 
========================================================================
Received Import Request.
  Time since last request: 0.000019 seconds.
  path: Assets/sprite/大科技图_18.png
  artifactKey: Guid(773ed4d333422004b9efc7948c0daef4) Importer(815301076,1909f56bfc062723c751e8b465ee728b)
Start importing Assets/sprite/大科技图_18.png using Guid(773ed4d333422004b9efc7948c0daef4) Importer(815301076,1909f56bfc062723c751e8b465ee728b)  -> (artifact id: 'a6967fb50ae1ae26e7ae634ffc868640') in 0.009738 seconds 
========================================================================
Received Import Request.
  Time since last request: 0.000014 seconds.
  path: Assets/sprite/主菜单2_22.png
  artifactKey: Guid(2739fc9df8a58d34f88130e00eedbb18) Importer(815301076,1909f56bfc062723c751e8b465ee728b)
Start importing Assets/sprite/主菜单2_22.png using Guid(2739fc9df8a58d34f88130e00eedbb18) Importer(815301076,1909f56bfc062723c751e8b465ee728b)  -> (artifact id: 'e322d2850a597ad0ed997bfb85d11deb') in 0.009823 seconds 
========================================================================
Received Import Request.
  Time since last request: 0.000022 seconds.
  path: Assets/sprite/壁画_1.png
  artifactKey: Guid(ed6c92b2c8507624db7d13b5711be58a) Importer(815301076,1909f56bfc062723c751e8b465ee728b)
Start importing Assets/sprite/壁画_1.png using Guid(ed6c92b2c8507624db7d13b5711be58a) Importer(815301076,1909f56bfc062723c751e8b465ee728b)  -> (artifact id: '1fe597e34324e03ee691f09f95efca01') in 0.009738 seconds 
========================================================================
Received Import Request.
  Time since last request: 0.000014 seconds.
  path: Assets/sprite/大科技图_3.png
  artifactKey: Guid(08eedac1c1c5a1a4bac122afb83a1b9e) Importer(815301076,1909f56bfc062723c751e8b465ee728b)
Start importing Assets/sprite/大科技图_3.png using Guid(08eedac1c1c5a1a4bac122afb83a1b9e) Importer(815301076,1909f56bfc062723c751e8b465ee728b)  -> (artifact id: '52c9ce167349d2d446bcf20fa3947cc4') in 0.010675 seconds 
========================================================================
Received Import Request.
  Time since last request: 0.000021 seconds.
  path: Assets/sprite/主菜单1_1.png
  artifactKey: Guid(4b896f59ccc1bef498f624ae928fb11b) Importer(815301076,1909f56bfc062723c751e8b465ee728b)
Start importing Assets/sprite/主菜单1_1.png using Guid(4b896f59ccc1bef498f624ae928fb11b) Importer(815301076,1909f56bfc062723c751e8b465ee728b)  -> (artifact id: '778c5504c348500ff1b0b4b13ab5a507') in 0.010496 seconds 
========================================================================
Received Import Request.
  Time since last request: 0.000021 seconds.
  path: Assets/sprite/大科技图_38.png
  artifactKey: Guid(ce1908c1d56a97b46b27bd705386f94d) Importer(815301076,1909f56bfc062723c751e8b465ee728b)
Start importing Assets/sprite/大科技图_38.png using Guid(ce1908c1d56a97b46b27bd705386f94d) Importer(815301076,1909f56bfc062723c751e8b465ee728b)  -> (artifact id: '04a75217859bb8edebd4b9dbf010c67a') in 0.010054 seconds 
========================================================================
Received Import Request.
  Time since last request: 0.000015 seconds.
  path: Assets/sprite/主菜单2_16.png
  artifactKey: Guid(2b6b7dab93a36ad498e52eec97338490) Importer(815301076,1909f56bfc062723c751e8b465ee728b)
Start importing Assets/sprite/主菜单2_16.png using Guid(2b6b7dab93a36ad498e52eec97338490) Importer(815301076,1909f56bfc062723c751e8b465ee728b)  -> (artifact id: '32b62e501307fe17db598a2048af8741') in 0.009274 seconds 
========================================================================
Received Import Request.
  Time since last request: 0.000015 seconds.
  path: Assets/sprite/基础buff_15.png
  artifactKey: Guid(ac32b33ae60d29943a18a0c82fd5bc0d) Importer(815301076,1909f56bfc062723c751e8b465ee728b)
Start importing Assets/sprite/基础buff_15.png using Guid(ac32b33ae60d29943a18a0c82fd5bc0d) Importer(815301076,1909f56bfc062723c751e8b465ee728b)  -> (artifact id: '7851353793460c71c2db084f3c77b835') in 0.010495 seconds 
========================================================================
Received Import Request.
  Time since last request: 0.000015 seconds.
  path: Assets/sprite/基础buff_6.png
  artifactKey: Guid(e62eb3f54bc14374a8ea412ea4f0da6b) Importer(815301076,1909f56bfc062723c751e8b465ee728b)
Start importing Assets/sprite/基础buff_6.png using Guid(e62eb3f54bc14374a8ea412ea4f0da6b) Importer(815301076,1909f56bfc062723c751e8b465ee728b)  -> (artifact id: 'c006a18400e7292f6ed2288f543254f0') in 0.009882 seconds 
========================================================================
Received Import Request.
  Time since last request: 0.000019 seconds.
  path: Assets/sprite/威胁_11.png
  artifactKey: Guid(012be6339bc13fc42b2dc9092665722d) Importer(815301076,1909f56bfc062723c751e8b465ee728b)
Start importing Assets/sprite/威胁_11.png using Guid(012be6339bc13fc42b2dc9092665722d) Importer(815301076,1909f56bfc062723c751e8b465ee728b)  -> (artifact id: 'fd6336f1c11efcd3107592bbd3bfd032') in 0.011454 seconds 
========================================================================
Received Import Request.
  Time since last request: 0.000013 seconds.
  path: Assets/sprite/大科技图_31.png
  artifactKey: Guid(d067aad3c86f6ba4a93bec3d5167b48c) Importer(815301076,1909f56bfc062723c751e8b465ee728b)
Start importing Assets/sprite/大科技图_31.png using Guid(d067aad3c86f6ba4a93bec3d5167b48c) Importer(815301076,1909f56bfc062723c751e8b465ee728b)  -> (artifact id: 'd087cae748ed05b6eb805b0e2a970b43') in 0.010451 seconds 
========================================================================
Received Import Request.
  Time since last request: 0.000016 seconds.
  path: Assets/sprite/大科技图_25.png
  artifactKey: Guid(c0f29bdb20a0d2d4f824381917d7df49) Importer(815301076,1909f56bfc062723c751e8b465ee728b)
Start importing Assets/sprite/大科技图_25.png using Guid(c0f29bdb20a0d2d4f824381917d7df49) Importer(815301076,1909f56bfc062723c751e8b465ee728b)  -> (artifact id: 'f70b06832368c46e54c6025750fdba6a') in 0.011345 seconds 
========================================================================
Received Import Request.
  Time since last request: 0.000029 seconds.
  path: Assets/sprite/威胁_13.png
  artifactKey: Guid(36ae4a7a2efeb204c8695441ae4e5107) Importer(815301076,1909f56bfc062723c751e8b465ee728b)
Start importing Assets/sprite/威胁_13.png using Guid(36ae4a7a2efeb204c8695441ae4e5107) Importer(815301076,1909f56bfc062723c751e8b465ee728b)  -> (artifact id: '10f1ddbbed9607c8da98c8a186a9afec') in 0.010969 seconds 
========================================================================
Received Import Request.
  Time since last request: 29.646421 seconds.
  path: Assets/Texture2D/button active.png
  artifactKey: Guid(68d04d37a1ab5bf4eb5513c6886121ba) Importer(815301076,1909f56bfc062723c751e8b465ee728b)
Start importing Assets/Texture2D/button active.png using Guid(68d04d37a1ab5bf4eb5513c6886121ba) Importer(815301076,1909f56bfc062723c751e8b465ee728b)  -> (artifact id: 'e286a506d27f41a689debbc0cfdf2b32') in 0.020544 seconds 
========================================================================
Received Import Request.
  Time since last request: 0.000018 seconds.
  path: Assets/Texture2D/EscToExit_Text.png
  artifactKey: Guid(ef8bec5885c4181489b2977601221342) Importer(815301076,1909f56bfc062723c751e8b465ee728b)
Start importing Assets/Texture2D/EscToExit_Text.png using Guid(ef8bec5885c4181489b2977601221342) Importer(815301076,1909f56bfc062723c751e8b465ee728b)  -> (artifact id: 'cfae92658ce2a8688454d271d4ae5343') in 0.016884 seconds 
========================================================================
Received Import Request.
  Time since last request: 0.000018 seconds.
  path: Assets/Texture2D/基础buff.png
  artifactKey: Guid(2d494af3b87af8142b8656c24eec6691) Importer(815301076,1909f56bfc062723c751e8b465ee728b)
Start importing Assets/Texture2D/基础buff.png using Guid(2d494af3b87af8142b8656c24eec6691) Importer(815301076,1909f56bfc062723c751e8b465ee728b)  -> (artifact id: '590cea5499937c02e6a23e829d0850b0') in 0.033979 seconds 
========================================================================
Received Import Request.
  Time since last request: 0.000013 seconds.
  path: Assets/Texture2D/时代图片大.png
  artifactKey: Guid(18f26d1d34dcdf4428800cb963e48ae4) Importer(815301076,1909f56bfc062723c751e8b465ee728b)
Start importing Assets/Texture2D/时代图片大.png using Guid(18f26d1d34dcdf4428800cb963e48ae4) Importer(815301076,1909f56bfc062723c751e8b465ee728b)  -> (artifact id: '2bdeadb7a345651e2e23829e6a945db3') in 0.014252 seconds 
========================================================================
Received Import Request.
  Time since last request: 0.000018 seconds.
  path: Assets/Texture2D/威胁.png
  artifactKey: Guid(571ffff7bb9235a40b50cd3092ca5db6) Importer(815301076,1909f56bfc062723c751e8b465ee728b)
Start importing Assets/Texture2D/威胁.png using Guid(571ffff7bb9235a40b50cd3092ca5db6) Importer(815301076,1909f56bfc062723c751e8b465ee728b)  -> (artifact id: 'c4cda9f2a3651456371b9f35bdd0e560') in 0.032030 seconds 
========================================================================
Received Import Request.
  Time since last request: 0.000017 seconds.
  path: Assets/Texture2D/主菜单1.png
  artifactKey: Guid(ef269ae086f465543a98d21f5366e0ba) Importer(815301076,1909f56bfc062723c751e8b465ee728b)
Start importing Assets/Texture2D/主菜单1.png using Guid(ef269ae086f465543a98d21f5366e0ba) Importer(815301076,1909f56bfc062723c751e8b465ee728b)  -> (artifact id: 'c35e104ff3fbddff376b1576259a6142') in 0.048601 seconds 
========================================================================
Received Import Request.
  Time since last request: 0.000013 seconds.
  path: Assets/Texture2D/技能范围框.png
  artifactKey: Guid(3be7bf272669cc84e8b886b145be026f) Importer(815301076,1909f56bfc062723c751e8b465ee728b)
Start importing Assets/Texture2D/技能范围框.png using Guid(3be7bf272669cc84e8b886b145be026f) Importer(815301076,1909f56bfc062723c751e8b465ee728b)  -> (artifact id: 'fc8c737442072bae04366c4074b2e13c') in 0.033044 seconds 
========================================================================
Received Import Request.
  Time since last request: 0.000019 seconds.
  path: Assets/Texture2D/UnityWatermark-edu.png
  artifactKey: Guid(ce4573eda9e192440acd216f2cc4491e) Importer(815301076,1909f56bfc062723c751e8b465ee728b)
Start importing Assets/Texture2D/UnityWatermark-edu.png using Guid(ce4573eda9e192440acd216f2cc4491e) Importer(815301076,1909f56bfc062723c751e8b465ee728b)  -> (artifact id: '017a82d1ca62003009271d793c6e7dc5') in 0.017127 seconds 
========================================================================
Received Import Request.
  Time since last request: 0.000013 seconds.
  path: Assets/Texture2D/技能.png
  artifactKey: Guid(237de66fb9bdd40459f9d617658df747) Importer(815301076,1909f56bfc062723c751e8b465ee728b)
Start importing Assets/Texture2D/技能.png using Guid(237de66fb9bdd40459f9d617658df747) Importer(815301076,1909f56bfc062723c751e8b465ee728b)  -> (artifact id: 'eca775eae403514c21543602940a6799') in 0.012410 seconds 
========================================================================
Received Import Request.
  Time since last request: 0.000024 seconds.
  path: Assets/Texture2D/UnityWatermark-proto.png
  artifactKey: Guid(2f8cbdc2932613449baa1065f40036f1) Importer(815301076,1909f56bfc062723c751e8b465ee728b)
Start importing Assets/Texture2D/UnityWatermark-proto.png using Guid(2f8cbdc2932613449baa1065f40036f1) Importer(815301076,1909f56bfc062723c751e8b465ee728b)  -> (artifact id: '18a34381222939d20c94e13be45faed9') in 0.011515 seconds 
========================================================================
Received Import Request.
  Time since last request: 0.000019 seconds.
  path: Assets/Texture2D/button on hover.png
  artifactKey: Guid(edce278d1da01714ea744a156bb713aa) Importer(815301076,1909f56bfc062723c751e8b465ee728b)
Start importing Assets/Texture2D/button on hover.png using Guid(edce278d1da01714ea744a156bb713aa) Importer(815301076,1909f56bfc062723c751e8b465ee728b)  -> (artifact id: 'd405ec69b65376cfb8454d182fcce397') in 0.012142 seconds 
========================================================================
Received Import Request.
  Time since last request: 0.000014 seconds.
  path: Assets/Texture2D/Default-ParticleSystem.png
  artifactKey: Guid(e1544948e674f7e43b8a9288fefb0d72) Importer(815301076,1909f56bfc062723c751e8b465ee728b)
Start importing Assets/Texture2D/Default-ParticleSystem.png using Guid(e1544948e674f7e43b8a9288fefb0d72) Importer(815301076,1909f56bfc062723c751e8b465ee728b)  -> (artifact id: '670524c021a7cfeff0dfbb0614edb5a7') in 0.013434 seconds 
========================================================================
Received Import Request.
  Time since last request: 0.000019 seconds.
  path: Assets/Texture2D/失败图片.png
  artifactKey: Guid(ea5ac4841b0dbb44ab7ed712d81895cd) Importer(815301076,1909f56bfc062723c751e8b465ee728b)
Start importing Assets/Texture2D/失败图片.png using Guid(ea5ac4841b0dbb44ab7ed712d81895cd) Importer(815301076,1909f56bfc062723c751e8b465ee728b)  -> (artifact id: '6641f9c1676c6b044bc3f2685ab7c7a2') in 0.010719 seconds 
========================================================================
Received Import Request.
  Time since last request: 0.000014 seconds.
  path: Assets/Texture2D/vertical scrollbar.png
  artifactKey: Guid(b59612aebcd7657499b19be1f73b83a2) Importer(815301076,1909f56bfc062723c751e8b465ee728b)
Start importing Assets/Texture2D/vertical scrollbar.png using Guid(b59612aebcd7657499b19be1f73b83a2) Importer(815301076,1909f56bfc062723c751e8b465ee728b)  -> (artifact id: '208eabcef95b69fe2a1f23432a3d6663') in 0.010837 seconds 
========================================================================
Received Import Request.
  Time since last request: 0.000018 seconds.
  path: Assets/Texture2D/toggle on hover.png
  artifactKey: Guid(ed55d6b4502bc824ebef9a477e6dc130) Importer(815301076,1909f56bfc062723c751e8b465ee728b)
Start importing Assets/Texture2D/toggle on hover.png using Guid(ed55d6b4502bc824ebef9a477e6dc130) Importer(815301076,1909f56bfc062723c751e8b465ee728b)  -> (artifact id: '9d65b3a223b30c368b9d1b081227462e') in 0.010243 seconds 
========================================================================
Received Import Request.
  Time since last request: 0.000017 seconds.
  path: Assets/Texture2D/质感.png
  artifactKey: Guid(21c1c6f1bf1034145ab4fc45e4e535f1) Importer(815301076,1909f56bfc062723c751e8b465ee728b)
Start importing Assets/Texture2D/质感.png using Guid(21c1c6f1bf1034145ab4fc45e4e535f1) Importer(815301076,1909f56bfc062723c751e8b465ee728b)  -> (artifact id: '4e2b78f22c2599100207869e7bc9f80c') in 0.013032 seconds 
========================================================================
Received Import Request.
  Time since last request: 0.000019 seconds.
  path: Assets/Texture2D/光圈.png
  artifactKey: Guid(12e7da8c03793a344984cdeb666fe894) Importer(815301076,1909f56bfc062723c751e8b465ee728b)
Start importing Assets/Texture2D/光圈.png using Guid(12e7da8c03793a344984cdeb666fe894) Importer(815301076,1909f56bfc062723c751e8b465ee728b)  -> (artifact id: '29e1859b8080e7f51b83ea2d513e5ebd') in 0.010656 seconds 
========================================================================
Received Import Request.
  Time since last request: 0.000019 seconds.
  path: Assets/Texture2D/toggle hover.png
  artifactKey: Guid(d823bfcb3d2dc7a46a2e48541444eb90) Importer(815301076,1909f56bfc062723c751e8b465ee728b)
Start importing Assets/Texture2D/toggle hover.png using Guid(d823bfcb3d2dc7a46a2e48541444eb90) Importer(815301076,1909f56bfc062723c751e8b465ee728b)  -> (artifact id: '54fed8270cf3844574c4f6eba89ddc6f') in 0.010672 seconds 
========================================================================
Received Import Request.
  Time since last request: 0.000018 seconds.
  path: Assets/Texture2D/火箭dfadf.png
  artifactKey: Guid(0500a61d5c1c4a34c96be11ed1158647) Importer(815301076,1909f56bfc062723c751e8b465ee728b)
Start importing Assets/Texture2D/火箭dfadf.png using Guid(0500a61d5c1c4a34c96be11ed1158647) Importer(815301076,1909f56bfc062723c751e8b465ee728b)  -> (artifact id: '1c8302462645b9cfa9432ab35453ec1e') in 0.011968 seconds 
========================================================================
Received Import Request.
  Time since last request: 0.000014 seconds.
  path: Assets/Texture2D/蘑菇云.png
  artifactKey: Guid(b8d070d8208a7024b9ac379cf8f688d0) Importer(815301076,1909f56bfc062723c751e8b465ee728b)
Start importing Assets/Texture2D/蘑菇云.png using Guid(b8d070d8208a7024b9ac379cf8f688d0) Importer(815301076,1909f56bfc062723c751e8b465ee728b)  -> (artifact id: '5ac621092f3144bcdd7834085eb1f34c') in 0.022539 seconds 
